#
# There is insufficient memory for the Java Runtime Environment to continue.
# Native memory allocation (malloc) failed to allocate 200416 bytes for Chunk::new
# Possible reasons:
#   The system is out of physical RAM or swap space
#   The process is running with CompressedOops enabled, and the Java Heap may be blocking the growth of the native heap
# Possible solutions:
#   Reduce memory load on the system
#   Increase physical memory or swap space
#   Check if swap backing store is full
#   Decrease Java heap size (-Xmx/-Xms)
#   Decrease number of Java threads
#   Decrease Java thread stack sizes (-Xss)
#   Set larger code cache with -XX:ReservedCodeCacheSize=
#   JVM is running with Unscaled Compressed Oops mode in which the Java heap is
#     placed in the first 4GB address space. The Java Heap base address is the
#     maximum limit for the native heap growth. Please use -XX:HeapBaseMinAddress
#     to set the Java Heap base and to place the Java Heap above 4GB virtual address.
# This output file may be truncated or incomplete.
#
#  Out of Memory Error (./open/src/hotspot/share/memory/arena.cpp:197), pid=20096, tid=19412
#
# JRE version: Java(TM) SE Runtime Environment 18.9 (11.0.19+9) (build 11.0.19+9-LTS-224)
# Java VM: Java HotSpot(TM) 64-Bit Server VM 18.9 (11.0.19+9-LTS-224, mixed mode, tiered, compressed oops, g1 gc, windows-amd64)
# No core dump will be written. Minidumps are not enabled by default on client versions of Windows
#

---------------  S U M M A R Y ------------

Command Line: -Dfile.encoding=x-windows-949 -Duser.country=KR -Duser.language=ko -Duser.variant com.Wellcom.Webstart

Host: Intel(R) Core(TM) i5-4670 CPU @ 3.40GHz, 4 cores, 7G,  Windows 10 , 64 bit Build 18362 (10.0.18362.1500)
Time: Tue Jul  9 16:52:28 2024 대한민국 표준시 elapsed time: 83.301243 seconds (0d 0h 1m 23s)

---------------  T H R E A D  ---------------

Current thread (0x0000026ee5a4d000):  JavaThread "C2 CompilerThread0" daemon [_thread_in_native, id=19412, stack(0x0000009223d00000,0x0000009223e00000)]


Current CompileTask:
C2:  83301 10495       4       sun.util.locale.BaseLocale::getInstance (76 bytes)

Stack: [0x0000009223d00000,0x0000009223e00000]
Native frames: (J=compiled Java code, j=interpreted, Vv=VM code, C=native code)
V  [jvm.dll+0x65fe1a]
V  [jvm.dll+0x7a2bbf]
V  [jvm.dll+0x7a4289]
V  [jvm.dll+0x7a4923]
V  [jvm.dll+0x258a25]
V  [jvm.dll+0xb29cc]
V  [jvm.dll+0xb2f8c]
V  [jvm.dll+0x2ca132]
V  [jvm.dll+0x56f1dc]
V  [jvm.dll+0x210f07]
V  [jvm.dll+0x213629]
V  [jvm.dll+0x2105e4]
V  [jvm.dll+0x18c841]
V  [jvm.dll+0x220989]
V  [jvm.dll+0x21ecac]
V  [jvm.dll+0x766921]
V  [jvm.dll+0x75f2e4]
V  [jvm.dll+0x65ecc5]
C  [ucrtbase.dll+0x210b2]
C  [KERNEL32.DLL+0x17c24]
C  [ntdll.dll+0x6d721]


---------------  P R O C E S S  ---------------

Threads class SMR info:
_java_thread_list=0x0000026ee620a030, length=29, elements={
0x0000026ee51d7800, 0x0000026ee51e1000, 0x0000026ee5a47800, 0x0000026ee5a48800,
0x0000026ee5a49800, 0x0000026ee5a4d000, 0x0000026ee5ab5000, 0x0000026ee5ac0000,
0x0000026ee5be9000, 0x0000026ee8990000, 0x0000026eea0d5800, 0x0000026eea0d6800,
0x0000026eea9e6800, 0x0000026eeb98c000, 0x0000026eea6ee000, 0x0000026ee87b2800,
0x0000026ee87af800, 0x0000026ee87b3800, 0x0000026ee87b0000, 0x0000026ee87b1000,
0x0000026ee87b1800, 0x0000026ee87ad800, 0x0000026ee87b4000, 0x0000026ee87ae800,
0x0000026ee7010800, 0x0000026ee700f000, 0x0000026ee7010000, 0x0000026ee7014000,
0x0000026ee7013000
}

Java Threads: ( => current thread )
  0x0000026ee51d7800 JavaThread "Reference Handler" daemon [_thread_blocked, id=1116, stack(0x0000009223800000,0x0000009223900000)]
  0x0000026ee51e1000 JavaThread "Finalizer" daemon [_thread_blocked, id=6308, stack(0x0000009223900000,0x0000009223a00000)]
  0x0000026ee5a47800 JavaThread "Signal Dispatcher" daemon [_thread_blocked, id=14396, stack(0x0000009223a00000,0x0000009223b00000)]
  0x0000026ee5a48800 JavaThread "Attach Listener" daemon [_thread_blocked, id=16760, stack(0x0000009223b00000,0x0000009223c00000)]
  0x0000026ee5a49800 JavaThread "Service Thread" daemon [_thread_blocked, id=22220, stack(0x0000009223c00000,0x0000009223d00000)]
=>0x0000026ee5a4d000 JavaThread "C2 CompilerThread0" daemon [_thread_in_native, id=19412, stack(0x0000009223d00000,0x0000009223e00000)]
  0x0000026ee5ab5000 JavaThread "C1 CompilerThread0" daemon [_thread_blocked, id=16656, stack(0x0000009223e00000,0x0000009223f00000)]
  0x0000026ee5ac0000 JavaThread "Sweeper thread" daemon [_thread_blocked, id=18004, stack(0x0000009223f00000,0x0000009224000000)]
  0x0000026ee5be9000 JavaThread "Common-Cleaner" daemon [_thread_blocked, id=16028, stack(0x0000009224100000,0x0000009224200000)]
  0x0000026ee8990000 JavaThread "Catalina-utility-1" [_thread_blocked, id=22460, stack(0x0000009224800000,0x0000009224900000)]
  0x0000026eea0d5800 JavaThread "Catalina-utility-2" [_thread_blocked, id=1160, stack(0x0000009224900000,0x0000009224a00000)]
  0x0000026eea0d6800 JavaThread "container-0" [_thread_blocked, id=15336, stack(0x0000009224a00000,0x0000009224b00000)]
  0x0000026eea9e6800 JavaThread "mysql-cj-abandoned-connection-cleanup" daemon [_thread_blocked, id=21148, stack(0x0000009224b00000,0x0000009224c00000)]
  0x0000026eeb98c000 JavaThread "HikariPool-1 housekeeper" daemon [_thread_blocked, id=12632, stack(0x0000009224d00000,0x0000009224e00000)]
  0x0000026eea6ee000 JavaThread "File Watcher" daemon [_thread_blocked, id=22404, stack(0x0000009224e00000,0x0000009224f00000)]
  0x0000026ee87b2800 JavaThread "Live Reload Server" daemon [_thread_in_native, id=15440, stack(0x0000009225000000,0x0000009225100000)]
  0x0000026ee87af800 JavaThread "http-nio-8080-Poller" daemon [_thread_in_native, id=21692, stack(0x0000009224f00000,0x0000009225000000)]
  0x0000026ee87b3800 JavaThread "http-nio-8080-Acceptor" daemon [_thread_in_native, id=15512, stack(0x0000009225100000,0x0000009225200000)]
  0x0000026ee87b0000 JavaThread "DestroyJavaVM" [_thread_blocked, id=14964, stack(0x0000009223100000,0x0000009223200000)]
  0x0000026ee87b1000 JavaThread "http-nio-8080-exec-1" daemon [_thread_blocked, id=22392, stack(0x0000009224c00000,0x0000009224d00000)]
  0x0000026ee87b1800 JavaThread "http-nio-8080-exec-2" daemon [_thread_blocked, id=21360, stack(0x0000009225200000,0x0000009225300000)]
  0x0000026ee87ad800 JavaThread "http-nio-8080-exec-3" daemon [_thread_blocked, id=7248, stack(0x0000009225400000,0x0000009225500000)]
  0x0000026ee87b4000 JavaThread "http-nio-8080-exec-4" daemon [_thread_blocked, id=20532, stack(0x0000009225500000,0x0000009225600000)]
  0x0000026ee87ae800 JavaThread "http-nio-8080-exec-5" daemon [_thread_blocked, id=15100, stack(0x0000009225600000,0x0000009225700000)]
  0x0000026ee7010800 JavaThread "http-nio-8080-exec-6" daemon [_thread_in_native, id=13620, stack(0x0000009225700000,0x0000009225800000)]
  0x0000026ee700f000 JavaThread "http-nio-8080-exec-7" daemon [_thread_blocked, id=19036, stack(0x0000009225800000,0x0000009225900000)]
  0x0000026ee7010000 JavaThread "http-nio-8080-exec-8" daemon [_thread_blocked, id=7408, stack(0x0000009225900000,0x0000009225a00000)]
  0x0000026ee7014000 JavaThread "http-nio-8080-exec-9" daemon [_thread_blocked, id=17448, stack(0x0000009225a00000,0x0000009225b00000)]
  0x0000026ee7013000 JavaThread "http-nio-8080-exec-10" daemon [_thread_blocked, id=21524, stack(0x0000009225b00000,0x0000009225c00000)]

Other Threads:
  0x0000026ee51b1000 VMThread "VM Thread" [stack: 0x0000009223700000,0x0000009223800000] [id=20032]
  0x0000026ee5be7800 WatcherThread [stack: 0x0000009224000000,0x0000009224100000] [id=19372]
  0x0000026ec7a89800 GCTaskThread "GC Thread#0" [stack: 0x0000009223200000,0x0000009223300000] [id=1084]
  0x0000026ee68e8800 GCTaskThread "GC Thread#1" [stack: 0x0000009224300000,0x0000009224400000] [id=17476]
  0x0000026ee647c800 GCTaskThread "GC Thread#2" [stack: 0x0000009224400000,0x0000009224500000] [id=16932]
  0x0000026ee65bc800 GCTaskThread "GC Thread#3" [stack: 0x0000009224700000,0x0000009224800000] [id=2516]
  0x0000026ec7ab6000 ConcurrentGCThread "G1 Main Marker" [stack: 0x0000009223300000,0x0000009223400000] [id=12768]
  0x0000026ec7ab8000 ConcurrentGCThread "G1 Conc#0" [stack: 0x0000009223400000,0x0000009223500000] [id=19772]
  0x0000026ee501b800 ConcurrentGCThread "G1 Refine#0" [stack: 0x0000009223500000,0x0000009223600000] [id=20264]
  0x0000026ee501e800 ConcurrentGCThread "G1 Young RemSet Sampling" [stack: 0x0000009223600000,0x0000009223700000] [id=11208]

Threads with active compile tasks:
C2 CompilerThread0    83340 10495       4       sun.util.locale.BaseLocale::getInstance (76 bytes)

VM state:not at safepoint (normal execution)

VM Mutex/Monitor currently owned by a thread: None

Heap address: 0x0000000080e00000, size: 2034 MB, Compressed Oops mode: 32-bit
Narrow klass base: 0x0000000000000000, Narrow klass shift: 3
Compressed class space size: 1073741824 Address: 0x0000000100000000

Heap:
 garbage-first heap   total 131072K, used 92764K [0x0000000080e00000, 0x0000000100000000)
  region size 1024K, 67 young (68608K), 4 survivors (4096K)
 Metaspace       used 76950K, capacity 78802K, committed 79104K, reserved 1118208K
  class space    used 9401K, capacity 10130K, committed 10240K, reserved 1048576K
Heap Regions: E=young(eden), S=young(survivor), O=old, HS=humongous(starts), HC=humongous(continues), CS=collection set, F=free, A=archive, TAMS=top-at-mark-start (previous, next)
|   0|0x0000000080e00000, 0x0000000080f00000, 0x0000000080f00000|100%|HS|  |TAMS 0x0000000080f00000, 0x0000000080e00000| Complete 
|   1|0x0000000080f00000, 0x0000000081000000, 0x0000000081000000|100%| O|  |TAMS 0x0000000081000000, 0x0000000080f00000| Untracked 
|   2|0x0000000081000000, 0x0000000081100000, 0x0000000081100000|100%| O|  |TAMS 0x0000000081100000, 0x0000000081000000| Untracked 
|   3|0x0000000081100000, 0x0000000081200000, 0x0000000081200000|100%| O|  |TAMS 0x0000000081200000, 0x0000000081100000| Untracked 
|   4|0x0000000081200000, 0x0000000081300000, 0x0000000081300000|100%| O|  |TAMS 0x0000000081300000, 0x0000000081200000| Untracked 
|   5|0x0000000081300000, 0x0000000081400000, 0x0000000081400000|100%| O|  |TAMS 0x0000000081400000, 0x0000000081300000| Untracked 
|   6|0x0000000081400000, 0x0000000081500000, 0x0000000081500000|100%| O|  |TAMS 0x0000000081500000, 0x0000000081400000| Untracked 
|   7|0x0000000081500000, 0x0000000081600000, 0x0000000081600000|100%| O|  |TAMS 0x0000000081600000, 0x0000000081500000| Untracked 
|   8|0x0000000081600000, 0x0000000081700000, 0x0000000081700000|100%| O|  |TAMS 0x0000000081700000, 0x0000000081600000| Untracked 
|   9|0x0000000081700000, 0x0000000081800000, 0x0000000081800000|100%| O|  |TAMS 0x0000000081800000, 0x0000000081700000| Untracked 
|  10|0x0000000081800000, 0x0000000081900000, 0x0000000081900000|100%| O|  |TAMS 0x0000000081900000, 0x0000000081800000| Untracked 
|  11|0x0000000081900000, 0x0000000081a00000, 0x0000000081a00000|100%| O|  |TAMS 0x0000000081a00000, 0x0000000081900000| Untracked 
|  12|0x0000000081a00000, 0x0000000081b00000, 0x0000000081b00000|100%| O|  |TAMS 0x0000000081b00000, 0x0000000081a00000| Untracked 
|  13|0x0000000081b00000, 0x0000000081c00000, 0x0000000081c00000|100%| O|  |TAMS 0x0000000081c00000, 0x0000000081b00000| Untracked 
|  14|0x0000000081c00000, 0x0000000081d00000, 0x0000000081d00000|100%| O|  |TAMS 0x0000000081c4bc00, 0x0000000081c00000| Untracked 
|  15|0x0000000081d00000, 0x0000000081e00000, 0x0000000081e00000|100%| O|  |TAMS 0x0000000081d00000, 0x0000000081d00000| Untracked 
|  16|0x0000000081e00000, 0x0000000081f00000, 0x0000000081f00000|100%| O|  |TAMS 0x0000000081e00000, 0x0000000081e00000| Untracked 
|  17|0x0000000081f00000, 0x0000000082000000, 0x0000000082000000|100%| O|  |TAMS 0x0000000081f00000, 0x0000000081f00000| Untracked 
|  18|0x0000000082000000, 0x0000000082100000, 0x0000000082100000|100%| O|  |TAMS 0x0000000082000000, 0x0000000082000000| Untracked 
|  19|0x0000000082100000, 0x0000000082200000, 0x0000000082200000|100%| O|  |TAMS 0x0000000082100000, 0x0000000082100000| Untracked 
|  20|0x0000000082200000, 0x0000000082300000, 0x0000000082300000|100%| O|  |TAMS 0x0000000082200000, 0x0000000082200000| Untracked 
|  21|0x0000000082300000, 0x0000000082400000, 0x0000000082400000|100%| O|  |TAMS 0x0000000082300000, 0x0000000082300000| Untracked 
|  22|0x0000000082400000, 0x0000000082500000, 0x0000000082500000|100%| O|  |TAMS 0x0000000082400000, 0x0000000082400000| Untracked 
|  23|0x0000000082500000, 0x0000000082600000, 0x0000000082600000|100%| O|  |TAMS 0x0000000082500000, 0x0000000082500000| Untracked 
|  24|0x0000000082600000, 0x0000000082700000, 0x0000000082700000|100%| O|  |TAMS 0x0000000082600000, 0x0000000082600000| Untracked 
|  25|0x0000000082700000, 0x00000000827adc00, 0x0000000082800000| 67%| O|  |TAMS 0x0000000082700000, 0x0000000082700000| Untracked 
|  26|0x0000000082800000, 0x0000000082800000, 0x0000000082900000|  0%| F|  |TAMS 0x0000000082800000, 0x0000000082800000| Untracked 
|  27|0x0000000082900000, 0x0000000082900000, 0x0000000082a00000|  0%| F|  |TAMS 0x0000000082900000, 0x0000000082900000| Untracked 
|  28|0x0000000082a00000, 0x0000000082a00000, 0x0000000082b00000|  0%| F|  |TAMS 0x0000000082a00000, 0x0000000082a00000| Untracked 
|  29|0x0000000082b00000, 0x0000000082b00000, 0x0000000082c00000|  0%| F|  |TAMS 0x0000000082b00000, 0x0000000082b00000| Untracked 
|  30|0x0000000082c00000, 0x0000000082c00000, 0x0000000082d00000|  0%| F|  |TAMS 0x0000000082c00000, 0x0000000082c00000| Untracked 
|  31|0x0000000082d00000, 0x0000000082d00000, 0x0000000082e00000|  0%| F|  |TAMS 0x0000000082d00000, 0x0000000082d00000| Untracked 
|  32|0x0000000082e00000, 0x0000000082e00000, 0x0000000082f00000|  0%| F|  |TAMS 0x0000000082e00000, 0x0000000082e00000| Untracked 
|  33|0x0000000082f00000, 0x0000000082f00000, 0x0000000083000000|  0%| F|  |TAMS 0x0000000082f00000, 0x0000000082f00000| Untracked 
|  34|0x0000000083000000, 0x0000000083000000, 0x0000000083100000|  0%| F|  |TAMS 0x0000000083000000, 0x0000000083000000| Untracked 
|  35|0x0000000083100000, 0x0000000083100000, 0x0000000083200000|  0%| F|  |TAMS 0x0000000083100000, 0x0000000083100000| Untracked 
|  36|0x0000000083200000, 0x0000000083200000, 0x0000000083300000|  0%| F|  |TAMS 0x0000000083200000, 0x0000000083200000| Untracked 
|  37|0x0000000083300000, 0x0000000083300000, 0x0000000083400000|  0%| F|  |TAMS 0x0000000083300000, 0x0000000083300000| Untracked 
|  38|0x0000000083400000, 0x0000000083400000, 0x0000000083500000|  0%| F|  |TAMS 0x0000000083400000, 0x0000000083400000| Untracked 
|  39|0x0000000083500000, 0x0000000083500000, 0x0000000083600000|  0%| F|  |TAMS 0x0000000083500000, 0x0000000083500000| Untracked 
|  40|0x0000000083600000, 0x0000000083600000, 0x0000000083700000|  0%| F|  |TAMS 0x0000000083600000, 0x0000000083600000| Untracked 
|  41|0x0000000083700000, 0x0000000083700000, 0x0000000083800000|  0%| F|  |TAMS 0x0000000083700000, 0x0000000083700000| Untracked 
|  42|0x0000000083800000, 0x0000000083800000, 0x0000000083900000|  0%| F|  |TAMS 0x0000000083800000, 0x0000000083800000| Untracked 
|  43|0x0000000083900000, 0x0000000083900000, 0x0000000083a00000|  0%| F|  |TAMS 0x0000000083900000, 0x0000000083900000| Untracked 
|  44|0x0000000083a00000, 0x0000000083a00000, 0x0000000083b00000|  0%| F|  |TAMS 0x0000000083a00000, 0x0000000083a00000| Untracked 
|  45|0x0000000083b00000, 0x0000000083b00000, 0x0000000083c00000|  0%| F|  |TAMS 0x0000000083b00000, 0x0000000083b00000| Untracked 
|  46|0x0000000083c00000, 0x0000000083c00000, 0x0000000083d00000|  0%| F|  |TAMS 0x0000000083c00000, 0x0000000083c00000| Untracked 
|  47|0x0000000083d00000, 0x0000000083d00000, 0x0000000083e00000|  0%| F|  |TAMS 0x0000000083d00000, 0x0000000083d00000| Untracked 
|  48|0x0000000083e00000, 0x0000000083ee97c8, 0x0000000083f00000| 91%| S|CS|TAMS 0x0000000083e00000, 0x0000000083e00000| Complete 
|  49|0x0000000083f00000, 0x0000000084000000, 0x0000000084000000|100%| S|CS|TAMS 0x0000000083f00000, 0x0000000083f00000| Complete 
|  50|0x0000000084000000, 0x0000000084000000, 0x0000000084100000|  0%| F|  |TAMS 0x0000000084000000, 0x0000000084000000| Untracked 
|  51|0x0000000084100000, 0x0000000084100000, 0x0000000084200000|  0%| F|  |TAMS 0x0000000084100000, 0x0000000084100000| Untracked 
|  52|0x0000000084200000, 0x0000000084200000, 0x0000000084300000|  0%| F|  |TAMS 0x0000000084200000, 0x0000000084200000| Untracked 
|  53|0x0000000084300000, 0x0000000084300000, 0x0000000084400000|  0%| F|  |TAMS 0x0000000084300000, 0x0000000084300000| Untracked 
|  54|0x0000000084400000, 0x0000000084500000, 0x0000000084500000|100%| S|CS|TAMS 0x0000000084400000, 0x0000000084400000| Complete 
|  55|0x0000000084500000, 0x0000000084600000, 0x0000000084600000|100%| S|CS|TAMS 0x0000000084500000, 0x0000000084500000| Complete 
|  56|0x0000000084600000, 0x0000000084600000, 0x0000000084700000|  0%| F|  |TAMS 0x0000000084600000, 0x0000000084600000| Untracked 
|  57|0x0000000084700000, 0x0000000084700000, 0x0000000084800000|  0%| F|  |TAMS 0x0000000084700000, 0x0000000084700000| Untracked 
|  58|0x0000000084800000, 0x0000000084800000, 0x0000000084900000|  0%| F|  |TAMS 0x0000000084800000, 0x0000000084800000| Untracked 
|  59|0x0000000084900000, 0x0000000084900000, 0x0000000084a00000|  0%| F|  |TAMS 0x0000000084900000, 0x0000000084900000| Untracked 
|  60|0x0000000084a00000, 0x0000000084a00000, 0x0000000084b00000|  0%| F|  |TAMS 0x0000000084a00000, 0x0000000084a00000| Untracked 
|  61|0x0000000084b00000, 0x0000000084b00000, 0x0000000084c00000|  0%| F|  |TAMS 0x0000000084b00000, 0x0000000084b00000| Untracked 
|  62|0x0000000084c00000, 0x0000000084c00000, 0x0000000084d00000|  0%| F|  |TAMS 0x0000000084c00000, 0x0000000084c00000| Untracked 
|  63|0x0000000084d00000, 0x0000000084d00000, 0x0000000084e00000|  0%| F|  |TAMS 0x0000000084d00000, 0x0000000084d00000| Untracked 
|  64|0x0000000084e00000, 0x0000000084e00000, 0x0000000084f00000|  0%| F|  |TAMS 0x0000000084e00000, 0x0000000084e00000| Untracked 
|  65|0x0000000084f00000, 0x0000000084f7fa60, 0x0000000085000000| 49%| E|  |TAMS 0x0000000084f00000, 0x0000000084f00000| Complete 
|  66|0x0000000085000000, 0x0000000085100000, 0x0000000085100000|100%| E|CS|TAMS 0x0000000085000000, 0x0000000085000000| Complete 
|  67|0x0000000085100000, 0x0000000085200000, 0x0000000085200000|100%| E|CS|TAMS 0x0000000085100000, 0x0000000085100000| Complete 
|  68|0x0000000085200000, 0x0000000085300000, 0x0000000085300000|100%| E|CS|TAMS 0x0000000085200000, 0x0000000085200000| Complete 
|  69|0x0000000085300000, 0x0000000085400000, 0x0000000085400000|100%| E|CS|TAMS 0x0000000085300000, 0x0000000085300000| Complete 
|  70|0x0000000085400000, 0x0000000085500000, 0x0000000085500000|100%| E|CS|TAMS 0x0000000085400000, 0x0000000085400000| Complete 
|  71|0x0000000085500000, 0x0000000085600000, 0x0000000085600000|100%| E|CS|TAMS 0x0000000085500000, 0x0000000085500000| Complete 
|  72|0x0000000085600000, 0x0000000085700000, 0x0000000085700000|100%| E|  |TAMS 0x0000000085600000, 0x0000000085600000| Complete 
|  73|0x0000000085700000, 0x0000000085800000, 0x0000000085800000|100%| E|CS|TAMS 0x0000000085700000, 0x0000000085700000| Complete 
|  74|0x0000000085800000, 0x0000000085900000, 0x0000000085900000|100%| E|CS|TAMS 0x0000000085800000, 0x0000000085800000| Complete 
|  75|0x0000000085900000, 0x0000000085a00000, 0x0000000085a00000|100%| E|CS|TAMS 0x0000000085900000, 0x0000000085900000| Complete 
|  76|0x0000000085a00000, 0x0000000085b00000, 0x0000000085b00000|100%| E|CS|TAMS 0x0000000085a00000, 0x0000000085a00000| Complete 
|  77|0x0000000085b00000, 0x0000000085c00000, 0x0000000085c00000|100%| E|CS|TAMS 0x0000000085b00000, 0x0000000085b00000| Complete 
|  78|0x0000000085c00000, 0x0000000085d00000, 0x0000000085d00000|100%| E|CS|TAMS 0x0000000085c00000, 0x0000000085c00000| Complete 
|  79|0x0000000085d00000, 0x0000000085e00000, 0x0000000085e00000|100%| E|CS|TAMS 0x0000000085d00000, 0x0000000085d00000| Complete 
|  80|0x0000000085e00000, 0x0000000085f00000, 0x0000000085f00000|100%| E|CS|TAMS 0x0000000085e00000, 0x0000000085e00000| Complete 
|  81|0x0000000085f00000, 0x0000000086000000, 0x0000000086000000|100%| E|CS|TAMS 0x0000000085f00000, 0x0000000085f00000| Complete 
|  82|0x0000000086000000, 0x0000000086100000, 0x0000000086100000|100%| E|CS|TAMS 0x0000000086000000, 0x0000000086000000| Complete 
|  83|0x0000000086100000, 0x0000000086200000, 0x0000000086200000|100%| E|CS|TAMS 0x0000000086100000, 0x0000000086100000| Complete 
|  84|0x0000000086200000, 0x0000000086300000, 0x0000000086300000|100%| E|CS|TAMS 0x0000000086200000, 0x0000000086200000| Complete 
|  85|0x0000000086300000, 0x0000000086400000, 0x0000000086400000|100%| E|CS|TAMS 0x0000000086300000, 0x0000000086300000| Complete 
|  86|0x0000000086400000, 0x0000000086500000, 0x0000000086500000|100%| E|CS|TAMS 0x0000000086400000, 0x0000000086400000| Complete 
|  87|0x0000000086500000, 0x0000000086600000, 0x0000000086600000|100%| E|CS|TAMS 0x0000000086500000, 0x0000000086500000| Complete 
|  88|0x0000000086600000, 0x0000000086700000, 0x0000000086700000|100%| E|CS|TAMS 0x0000000086600000, 0x0000000086600000| Complete 
|  89|0x0000000086700000, 0x0000000086800000, 0x0000000086800000|100%| E|CS|TAMS 0x0000000086700000, 0x0000000086700000| Complete 
|  90|0x0000000086800000, 0x0000000086900000, 0x0000000086900000|100%| E|CS|TAMS 0x0000000086800000, 0x0000000086800000| Complete 
|  91|0x0000000086900000, 0x0000000086a00000, 0x0000000086a00000|100%| E|CS|TAMS 0x0000000086900000, 0x0000000086900000| Complete 
|  92|0x0000000086a00000, 0x0000000086b00000, 0x0000000086b00000|100%| E|CS|TAMS 0x0000000086a00000, 0x0000000086a00000| Complete 
|  93|0x0000000086b00000, 0x0000000086c00000, 0x0000000086c00000|100%| E|CS|TAMS 0x0000000086b00000, 0x0000000086b00000| Complete 
|  94|0x0000000086c00000, 0x0000000086d00000, 0x0000000086d00000|100%| E|CS|TAMS 0x0000000086c00000, 0x0000000086c00000| Complete 
|  95|0x0000000086d00000, 0x0000000086e00000, 0x0000000086e00000|100%| E|CS|TAMS 0x0000000086d00000, 0x0000000086d00000| Complete 
|  96|0x0000000086e00000, 0x0000000086f00000, 0x0000000086f00000|100%| E|CS|TAMS 0x0000000086e00000, 0x0000000086e00000| Complete 
|  97|0x0000000086f00000, 0x0000000087000000, 0x0000000087000000|100%| E|CS|TAMS 0x0000000086f00000, 0x0000000086f00000| Complete 
|  98|0x0000000087000000, 0x0000000087100000, 0x0000000087100000|100%| E|CS|TAMS 0x0000000087000000, 0x0000000087000000| Complete 
|  99|0x0000000087100000, 0x0000000087200000, 0x0000000087200000|100%| E|CS|TAMS 0x0000000087100000, 0x0000000087100000| Complete 
| 100|0x0000000087200000, 0x0000000087300000, 0x0000000087300000|100%| E|CS|TAMS 0x0000000087200000, 0x0000000087200000| Complete 
| 101|0x0000000087300000, 0x0000000087400000, 0x0000000087400000|100%| E|CS|TAMS 0x0000000087300000, 0x0000000087300000| Complete 
| 102|0x0000000087400000, 0x0000000087500000, 0x0000000087500000|100%| E|CS|TAMS 0x0000000087400000, 0x0000000087400000| Complete 
| 103|0x0000000087500000, 0x0000000087600000, 0x0000000087600000|100%| E|CS|TAMS 0x0000000087500000, 0x0000000087500000| Complete 
| 104|0x0000000087600000, 0x0000000087700000, 0x0000000087700000|100%| E|CS|TAMS 0x0000000087600000, 0x0000000087600000| Complete 
| 105|0x0000000087700000, 0x0000000087800000, 0x0000000087800000|100%| E|CS|TAMS 0x0000000087700000, 0x0000000087700000| Complete 
| 106|0x0000000087800000, 0x0000000087900000, 0x0000000087900000|100%| E|CS|TAMS 0x0000000087800000, 0x0000000087800000| Complete 
| 107|0x0000000087900000, 0x0000000087a00000, 0x0000000087a00000|100%| E|CS|TAMS 0x0000000087900000, 0x0000000087900000| Complete 
| 108|0x0000000087a00000, 0x0000000087b00000, 0x0000000087b00000|100%| E|CS|TAMS 0x0000000087a00000, 0x0000000087a00000| Complete 
| 109|0x0000000087b00000, 0x0000000087c00000, 0x0000000087c00000|100%| E|CS|TAMS 0x0000000087b00000, 0x0000000087b00000| Complete 
| 110|0x0000000087c00000, 0x0000000087d00000, 0x0000000087d00000|100%| E|CS|TAMS 0x0000000087c00000, 0x0000000087c00000| Complete 
| 111|0x0000000087d00000, 0x0000000087e00000, 0x0000000087e00000|100%| E|CS|TAMS 0x0000000087d00000, 0x0000000087d00000| Complete 
| 112|0x0000000087e00000, 0x0000000087f00000, 0x0000000087f00000|100%| E|CS|TAMS 0x0000000087e00000, 0x0000000087e00000| Complete 
| 113|0x0000000087f00000, 0x0000000088000000, 0x0000000088000000|100%| E|CS|TAMS 0x0000000087f00000, 0x0000000087f00000| Complete 
| 114|0x0000000088000000, 0x0000000088100000, 0x0000000088100000|100%| E|CS|TAMS 0x0000000088000000, 0x0000000088000000| Complete 
| 115|0x0000000088100000, 0x0000000088200000, 0x0000000088200000|100%| E|CS|TAMS 0x0000000088100000, 0x0000000088100000| Complete 
| 116|0x0000000088200000, 0x0000000088300000, 0x0000000088300000|100%| E|CS|TAMS 0x0000000088200000, 0x0000000088200000| Complete 
| 117|0x0000000088300000, 0x0000000088400000, 0x0000000088400000|100%| E|CS|TAMS 0x0000000088300000, 0x0000000088300000| Complete 
| 118|0x0000000088400000, 0x0000000088500000, 0x0000000088500000|100%| E|CS|TAMS 0x0000000088400000, 0x0000000088400000| Complete 
| 119|0x0000000088500000, 0x0000000088600000, 0x0000000088600000|100%| E|CS|TAMS 0x0000000088500000, 0x0000000088500000| Complete 
| 120|0x0000000088600000, 0x0000000088700000, 0x0000000088700000|100%| E|CS|TAMS 0x0000000088600000, 0x0000000088600000| Complete 
| 121|0x0000000088700000, 0x0000000088800000, 0x0000000088800000|100%| E|CS|TAMS 0x0000000088700000, 0x0000000088700000| Complete 
| 122|0x0000000088800000, 0x0000000088900000, 0x0000000088900000|100%| E|CS|TAMS 0x0000000088800000, 0x0000000088800000| Complete 
| 123|0x0000000088900000, 0x0000000088a00000, 0x0000000088a00000|100%| E|CS|TAMS 0x0000000088900000, 0x0000000088900000| Complete 
| 124|0x0000000088a00000, 0x0000000088b00000, 0x0000000088b00000|100%| E|CS|TAMS 0x0000000088a00000, 0x0000000088a00000| Complete 
| 125|0x0000000088b00000, 0x0000000088c00000, 0x0000000088c00000|100%| E|CS|TAMS 0x0000000088b00000, 0x0000000088b00000| Complete 
| 126|0x0000000088c00000, 0x0000000088d00000, 0x0000000088d00000|100%| E|CS|TAMS 0x0000000088c00000, 0x0000000088c00000| Complete 
| 127|0x0000000088d00000, 0x0000000088e00000, 0x0000000088e00000|100%| E|CS|TAMS 0x0000000088d00000, 0x0000000088d00000| Complete 

Card table byte_map: [0x0000026ede530000,0x0000026ede930000] _byte_map_base: 0x0000026ede129000

Marking Bits (Prev, Next): (CMBitMap*) 0x0000026ec58be910, (CMBitMap*) 0x0000026ec58be8d8
 Prev Bits: [0x0000026ee0d00000, 0x0000026ee2cc8000)
 Next Bits: [0x0000026eded30000, 0x0000026ee0cf8000)

Polling page: 0x0000026ec57a0000

Metaspace:

Usage:
  Non-class:     67.06 MB capacity,    65.97 MB ( 98%) used,   880.81 KB (  1%) free+waste,   242.75 KB ( <1%) overhead. 
      Class:      9.89 MB capacity,     9.18 MB ( 93%) used,   614.12 KB (  6%) free+waste,   114.13 KB (  1%) overhead. 
       Both:     76.96 MB capacity,    75.15 MB ( 98%) used,     1.46 MB (  2%) free+waste,   356.88 KB ( <1%) overhead. 

Virtual space:
  Non-class space:       68.00 MB reserved,      67.25 MB ( 99%) committed 
      Class space:        1.00 GB reserved,      10.00 MB ( <1%) committed 
             Both:        1.07 GB reserved,      77.25 MB (  7%) committed 

Chunk freelists:
   Non-Class:  0 bytes
       Class:  0 bytes
        Both:  0 bytes

CodeHeap 'non-profiled nmethods': size=120064Kb used=7765Kb max_used=7765Kb free=112298Kb
 bounds [0x0000026ed6bf0000, 0x0000026ed7390000, 0x0000026ede130000]
CodeHeap 'profiled nmethods': size=120000Kb used=25033Kb max_used=25033Kb free=94966Kb
 bounds [0x0000026ecf6c0000, 0x0000026ed0f40000, 0x0000026ed6bf0000]
CodeHeap 'non-nmethods': size=5696Kb used=1249Kb max_used=1304Kb free=4446Kb
 bounds [0x0000026ecf130000, 0x0000026ecf3a0000, 0x0000026ecf6c0000]
 total_blobs=11084 nmethods=10449 adapters=545
 compilation: enabled
              stopped_count=0, restarted_count=0
 full_count=0

Compilation events (10 events):
Event: 81.899 Thread 0x0000026ee5ab5000 10481       3       org.springframework.aop.framework.CglibAopProxy$CglibMethodInvocation::<init> (64 bytes)
Event: 81.900 Thread 0x0000026ee5ab5000 nmethod 10481 0x0000026ed0f2c090 code [0x0000026ed0f2c2e0, 0x0000026ed0f2cc18]
Event: 81.900 Thread 0x0000026ee5ab5000 10482       3       org.springframework.aop.support.AopUtils::isToStringMethod (5 bytes)
Event: 81.900 Thread 0x0000026ee5ab5000 nmethod 10482 0x0000026ed0f2cf90 code [0x0000026ed0f2d160, 0x0000026ed0f2d448]
Event: 81.900 Thread 0x0000026ee5ab5000 10491       3       org.springframework.dao.InvalidDataAccessApiUsageException::<init> (7 bytes)
Event: 81.900 Thread 0x0000026ee5ab5000 nmethod 10491 0x0000026ed0f2d590 code [0x0000026ed0f2d760, 0x0000026ed0f2da68]
Event: 81.900 Thread 0x0000026ee5ab5000 10492       3       org.springframework.dao.NonTransientDataAccessException::<init> (7 bytes)
Event: 81.900 Thread 0x0000026ee5ab5000 nmethod 10492 0x0000026ed0f2dc10 code [0x0000026ed0f2dde0, 0x0000026ed0f2e088]
Event: 81.900 Thread 0x0000026ee5ab5000 10494   !   3       org.springframework.orm.jpa.JpaTransactionManager::doRollback (141 bytes)
Event: 81.902 Thread 0x0000026ee5ab5000 nmethod 10494 0x0000026ed0f2e210 code [0x0000026ed0f2e700, 0x0000026ed0f30c88]

GC Heap History (10 events):
Event: 62.350 GC heap before
{Heap before GC invocations=22 (full 0):
 garbage-first heap   total 131072K, used 102966K [0x0000000080e00000, 0x0000000100000000)
  region size 1024K, 76 young (77824K), 4 survivors (4096K)
 Metaspace       used 76839K, capacity 78737K, committed 78848K, reserved 1118208K
  class space    used 9400K, capacity 10130K, committed 10240K, reserved 1048576K
}
Event: 62.364 GC heap after
{Heap after GC invocations=23 (full 0):
 garbage-first heap   total 131072K, used 30266K [0x0000000080e00000, 0x0000000100000000)
  region size 1024K, 4 young (4096K), 4 survivors (4096K)
 Metaspace       used 76839K, capacity 78737K, committed 78848K, reserved 1118208K
  class space    used 9400K, capacity 10130K, committed 10240K, reserved 1048576K
}
Event: 63.703 GC heap before
{Heap before GC invocations=23 (full 0):
 garbage-first heap   total 131072K, used 102970K [0x0000000080e00000, 0x0000000100000000)
  region size 1024K, 76 young (77824K), 4 survivors (4096K)
 Metaspace       used 76868K, capacity 78737K, committed 78848K, reserved 1118208K
  class space    used 9400K, capacity 10130K, committed 10240K, reserved 1048576K
}
Event: 63.709 GC heap after
{Heap after GC invocations=24 (full 0):
 garbage-first heap   total 131072K, used 30391K [0x0000000080e00000, 0x0000000100000000)
  region size 1024K, 4 young (4096K), 4 survivors (4096K)
 Metaspace       used 76868K, capacity 78737K, committed 78848K, reserved 1118208K
  class space    used 9400K, capacity 10130K, committed 10240K, reserved 1048576K
}
Event: 64.393 GC heap before
{Heap before GC invocations=24 (full 0):
 garbage-first heap   total 131072K, used 103095K [0x0000000080e00000, 0x0000000100000000)
  region size 1024K, 76 young (77824K), 4 survivors (4096K)
 Metaspace       used 76901K, capacity 78802K, committed 79104K, reserved 1118208K
  class space    used 9400K, capacity 10130K, committed 10240K, reserved 1048576K
}
Event: 64.397 GC heap after
{Heap after GC invocations=25 (full 0):
 garbage-first heap   total 131072K, used 30285K [0x0000000080e00000, 0x0000000100000000)
  region size 1024K, 4 young (4096K), 4 survivors (4096K)
 Metaspace       used 76901K, capacity 78802K, committed 79104K, reserved 1118208K
  class space    used 9400K, capacity 10130K, committed 10240K, reserved 1048576K
}
Event: 71.990 GC heap before
{Heap before GC invocations=25 (full 0):
 garbage-first heap   total 131072K, used 102989K [0x0000000080e00000, 0x0000000100000000)
  region size 1024K, 76 young (77824K), 4 survivors (4096K)
 Metaspace       used 76905K, capacity 78802K, committed 79104K, reserved 1118208K
  class space    used 9401K, capacity 10130K, committed 10240K, reserved 1048576K
}
Event: 71.996 GC heap after
{Heap after GC invocations=26 (full 0):
 garbage-first heap   total 131072K, used 30391K [0x0000000080e00000, 0x0000000100000000)
  region size 1024K, 4 young (4096K), 4 survivors (4096K)
 Metaspace       used 76905K, capacity 78802K, committed 79104K, reserved 1118208K
  class space    used 9401K, capacity 10130K, committed 10240K, reserved 1048576K
}
Event: 72.757 GC heap before
{Heap before GC invocations=26 (full 0):
 garbage-first heap   total 131072K, used 103095K [0x0000000080e00000, 0x0000000100000000)
  region size 1024K, 76 young (77824K), 4 survivors (4096K)
 Metaspace       used 76930K, capacity 78802K, committed 79104K, reserved 1118208K
  class space    used 9401K, capacity 10130K, committed 10240K, reserved 1048576K
}
Event: 72.768 GC heap after
{Heap after GC invocations=27 (full 0):
 garbage-first heap   total 131072K, used 30300K [0x0000000080e00000, 0x0000000100000000)
  region size 1024K, 4 young (4096K), 4 survivors (4096K)
 Metaspace       used 76930K, capacity 78802K, committed 79104K, reserved 1118208K
  class space    used 9401K, capacity 10130K, committed 10240K, reserved 1048576K
}

Deoptimization events (10 events):
Event: 60.170 Thread 0x0000026ee7014000 Uncommon trap: reason=profile_predicate action=maybe_recompile pc=0x0000026ed72dd4e4 method=org.apache.catalina.core.ApplicationFilterFactory.createFilterChain(Ljavax/servlet/ServletRequest;Lorg/apache/catalina/Wrapper;Ljavax/servlet/Servlet;)Lorg/apache/
Event: 60.187 Thread 0x0000026ee87b1800 Uncommon trap: reason=profile_predicate action=maybe_recompile pc=0x0000026ed72dd4e4 method=org.apache.catalina.core.ApplicationFilterFactory.createFilterChain(Ljavax/servlet/ServletRequest;Lorg/apache/catalina/Wrapper;Ljavax/servlet/Servlet;)Lorg/apache/
Event: 61.354 Thread 0x0000026eea0d5800 Uncommon trap: reason=profile_predicate action=maybe_recompile pc=0x0000026ed7209274 method=java.util.TreeMap.put(Ljava/lang/Object;Ljava/lang/Object;)Ljava/lang/Object; @ 55 c2
Event: 61.354 Thread 0x0000026eea0d5800 Uncommon trap: reason=profile_predicate action=maybe_recompile pc=0x0000026ed7209274 method=java.util.TreeMap.put(Ljava/lang/Object;Ljava/lang/Object;)Ljava/lang/Object; @ 55 c2
Event: 61.502 Thread 0x0000026ee87b1000 Uncommon trap: reason=intrinsic_or_type_checked_inlining action=make_not_entrant pc=0x0000026ed72fdd60 method=java.util.concurrent.CopyOnWriteArrayList.toArray([Ljava/lang/Object;)[Ljava/lang/Object; @ 29 c2
Event: 63.030 Thread 0x0000026ee87ad800 Uncommon trap: reason=unstable_if action=reinterpret pc=0x0000026ed72b00cc method=java.util.concurrent.ConcurrentHashMap.replaceNode(Ljava/lang/Object;Ljava/lang/Object;Ljava/lang/Object;)Ljava/lang/Object; @ 99 c2
Event: 71.748 Thread 0x0000026ee87b1000 Uncommon trap: reason=unstable_if action=reinterpret pc=0x0000026ed72a05f8 method=java.util.concurrent.ConcurrentLinkedDeque.skipDeletedPredecessors(Ljava/util/concurrent/ConcurrentLinkedDeque$Node;)V @ 68 c2
Event: 81.912 Thread 0x0000026ee87b1000 Uncommon trap: reason=unstable_if action=reinterpret pc=0x0000026ed73297f4 method=org.apache.tomcat.util.buf.CharChunk.allocate(II)V @ 4 c2
Event: 81.913 Thread 0x0000026ee87b1000 Uncommon trap: reason=unstable_if action=reinterpret pc=0x0000026ed7385428 method=org.apache.catalina.connector.Request.getRequest()Ljavax/servlet/http/HttpServletRequest; @ 4 c2
Event: 81.913 Thread 0x0000026ee87b1000 Uncommon trap: reason=null_check action=make_not_entrant pc=0x0000026ed72f5588 method=org.apache.catalina.core.ApplicationFilterFactory.createFilterChain(Ljavax/servlet/ServletRequest;Lorg/apache/catalina/Wrapper;Ljavax/servlet/Servlet;)Lorg/apache/catali

Classes redefined (0 events):
No events

Internal exceptions (10 events):
Event: 35.942 Thread 0x0000026ee87b4000 Exception <a 'java/lang/reflect/InvocationTargetException'{0x0000000086953eb0}> (0x0000000086953eb0) thrown at [./open/src/hotspot/share/runtime/reflection.cpp, line 1242]
Event: 35.978 Thread 0x0000026ee7013000 Exception <a 'java/lang/reflect/InvocationTargetException'{0x0000000085b1da10}> (0x0000000085b1da10) thrown at [./open/src/hotspot/share/runtime/reflection.cpp, line 1242]
Event: 36.034 Thread 0x0000026ee700f000 Exception <a 'java/lang/reflect/InvocationTargetException'{0x0000000085cded68}> (0x0000000085cded68) thrown at [./open/src/hotspot/share/runtime/reflection.cpp, line 1242]
Event: 36.078 Thread 0x0000026ee87b1800 Exception <a 'java/lang/reflect/InvocationTargetException'{0x0000000085a49e28}> (0x0000000085a49e28) thrown at [./open/src/hotspot/share/runtime/reflection.cpp, line 1242]
Event: 36.084 Thread 0x0000026ee7010000 Exception <a 'java/lang/reflect/InvocationTargetException'{0x000000008537ec00}> (0x000000008537ec00) thrown at [./open/src/hotspot/share/runtime/reflection.cpp, line 1242]
Event: 36.102 Thread 0x0000026ee7014000 Exception <a 'java/lang/reflect/InvocationTargetException'{0x0000000085aa7010}> (0x0000000085aa7010) thrown at [./open/src/hotspot/share/runtime/reflection.cpp, line 1242]
Event: 36.125 Thread 0x0000026ee87b1000 Exception <a 'java/lang/reflect/InvocationTargetException'{0x00000000859b2fa0}> (0x00000000859b2fa0) thrown at [./open/src/hotspot/share/runtime/reflection.cpp, line 1242]
Event: 51.341 Thread 0x0000026ee700f000 Implicit null exception at 0x0000026ed6dd8629 to 0x0000026ed6dda158
Event: 81.912 Thread 0x0000026ee87b1000 Implicit null exception at 0x0000026ed73294f7 to 0x0000026ed73297d4
Event: 81.913 Thread 0x0000026ee87b1000 Implicit null exception at 0x0000026ed72f3107 to 0x0000026ed72f5574

Events (10 events):
Event: 81.922 loading class jdk/internal/reflect/GeneratedMethodAccessor57
Event: 81.922 loading class jdk/internal/reflect/GeneratedMethodAccessor57 done
Event: 81.926 loading class jdk/internal/reflect/GeneratedMethodAccessor57
Event: 81.926 loading class jdk/internal/reflect/GeneratedMethodAccessor57 done
Event: 81.927 loading class jdk/internal/reflect/GeneratedMethodAccessor57
Event: 81.927 Executing VM operation: RevokeBias
Event: 81.927 loading class jdk/internal/reflect/GeneratedMethodAccessor57 done
Event: 81.927 Executing VM operation: RevokeBias done
Event: 81.927 Executing VM operation: RevokeBias
Event: 81.927 Executing VM operation: RevokeBias done


Dynamic libraries:
0x00007ff7d7340000 - 0x00007ff7d7350000 	C:\Program Files\Java\jdk-11\bin\java.exe
0x00007ffe35ec0000 - 0x00007ffe360b0000 	C:\Windows\SYSTEM32\ntdll.dll
0x00007ffe345c0000 - 0x00007ffe34672000 	C:\Windows\System32\KERNEL32.DLL
0x00007ffe33910000 - 0x00007ffe33bb5000 	C:\Windows\System32\KERNELBASE.dll
0x00007ffe33810000 - 0x00007ffe3390a000 	C:\Windows\System32\ucrtbase.dll
0x00007ffe140f0000 - 0x00007ffe1410b000 	C:\Program Files\Java\jdk-11\bin\VCRUNTIME140.dll
0x00007ffe13c60000 - 0x00007ffe13c79000 	C:\Program Files\Java\jdk-11\bin\jli.dll
0x00007ffe355d0000 - 0x00007ffe35673000 	C:\Windows\System32\ADVAPI32.dll
0x00007ffe35530000 - 0x00007ffe355ce000 	C:\Windows\System32\msvcrt.dll
0x00007ffe35780000 - 0x00007ffe35817000 	C:\Windows\System32\sechost.dll
0x00007ffe34750000 - 0x00007ffe3486f000 	C:\Windows\System32\RPCRT4.dll
0x00007ffe34fd0000 - 0x00007ffe35164000 	C:\Windows\System32\USER32.dll
0x00007ffe337e0000 - 0x00007ffe33801000 	C:\Windows\System32\win32u.dll
0x00007ffe1cd20000 - 0x00007ffe1cfa4000 	C:\Windows\WinSxS\amd64_microsoft.windows.common-controls_6595b64144ccf1df_6.0.18362.1500_none_9e79be6de462295c\COMCTL32.dll
0x00007ffe35680000 - 0x00007ffe356a6000 	C:\Windows\System32\GDI32.dll
0x00007ffe340a0000 - 0x00007ffe343d6000 	C:\Windows\System32\combase.dll
0x00007ffe335b0000 - 0x00007ffe33748000 	C:\Windows\System32\gdi32full.dll
0x00007ffe33e00000 - 0x00007ffe33e9e000 	C:\Windows\System32\msvcp_win.dll
0x00007ffe33750000 - 0x00007ffe337d1000 	C:\Windows\System32\bcryptPrimitives.dll
0x00007ffe2cb90000 - 0x00007ffe2cb9a000 	C:\Windows\SYSTEM32\VERSION.dll
0x00007ffe343e0000 - 0x00007ffe3440e000 	C:\Windows\System32\IMM32.DLL
0x00007ffe1bf50000 - 0x00007ffe1bf5c000 	C:\Program Files\Java\jdk-11\bin\vcruntime140_1.dll
0x00007ffdfd3a0000 - 0x00007ffdfd42e000 	C:\Program Files\Java\jdk-11\bin\msvcp140.dll
0x00007ffdef670000 - 0x00007ffdf01dc000 	C:\Program Files\Java\jdk-11\bin\server\jvm.dll
0x00007ffe35e70000 - 0x00007ffe35e78000 	C:\Windows\System32\PSAPI.DLL
0x00007ffe30bf0000 - 0x00007ffe30c14000 	C:\Windows\SYSTEM32\WINMM.dll
0x00007ffe20b60000 - 0x00007ffe20b69000 	C:\Windows\SYSTEM32\WSOCK32.dll
0x00007ffe35420000 - 0x00007ffe3548f000 	C:\Windows\System32\WS2_32.dll
0x00007ffe30770000 - 0x00007ffe3079d000 	C:\Windows\SYSTEM32\WINMMBASE.dll
0x00007ffe33bf0000 - 0x00007ffe33c3a000 	C:\Windows\System32\cfgmgr32.dll
0x00007ffe32dd0000 - 0x00007ffe32de1000 	C:\Windows\System32\kernel.appcore.dll
0x00007ffe1b330000 - 0x00007ffe1b340000 	C:\Program Files\Java\jdk-11\bin\verify.dll
0x00007ffe1f090000 - 0x00007ffe1f284000 	C:\Windows\SYSTEM32\DBGHELP.DLL
0x00007ffe1b300000 - 0x00007ffe1b32a000 	C:\Windows\SYSTEM32\dbgcore.DLL
0x00007ffe11e10000 - 0x00007ffe11e38000 	C:\Program Files\Java\jdk-11\bin\java.dll
0x00007ffe1af30000 - 0x00007ffe1af3a000 	C:\Program Files\Java\jdk-11\bin\jimage.dll
0x00007ffe12bf0000 - 0x00007ffe12c07000 	C:\Program Files\Java\jdk-11\bin\zip.dll
0x00007ffe34880000 - 0x00007ffe34f68000 	C:\Windows\System32\SHELL32.dll
0x00007ffe35c90000 - 0x00007ffe35d37000 	C:\Windows\System32\shcore.dll
0x00007ffe32e30000 - 0x00007ffe335ab000 	C:\Windows\System32\windows.storage.dll
0x00007ffe32e10000 - 0x00007ffe32e2e000 	C:\Windows\System32\profapi.dll
0x00007ffe32d80000 - 0x00007ffe32dca000 	C:\Windows\System32\powrprof.dll
0x00007ffe32d70000 - 0x00007ffe32d80000 	C:\Windows\System32\UMPDC.dll
0x00007ffe34680000 - 0x00007ffe346d2000 	C:\Windows\System32\shlwapi.dll
0x00007ffe33f50000 - 0x00007ffe33f67000 	C:\Windows\System32\cryptsp.dll
0x00007ffe11df0000 - 0x00007ffe11e09000 	C:\Program Files\Java\jdk-11\bin\net.dll
0x00007ffe229f0000 - 0x00007ffe22aea000 	C:\Windows\SYSTEM32\WINHTTP.dll
0x00007ffe325b0000 - 0x00007ffe32617000 	C:\Windows\system32\mswsock.dll
0x00007ffe11c70000 - 0x00007ffe11c82000 	C:\Program Files\Java\jdk-11\bin\nio.dll
0x00007ffe2ee60000 - 0x00007ffe2ee69000 	C:\Program Files\Java\jdk-11\bin\management.dll
0x00007ffe20b50000 - 0x00007ffe20b5b000 	C:\Program Files\Java\jdk-11\bin\management_ext.dll
0x00007ffe16380000 - 0x00007ffe16396000 	C:\Windows\system32\napinsp.dll
0x00007ffe16500000 - 0x00007ffe1651a000 	C:\Windows\system32\pnrpnsp.dll
0x00007ffe164e0000 - 0x00007ffe164f5000 	C:\Windows\system32\wshbth.dll
0x00007ffe2f580000 - 0x00007ffe2f59c000 	C:\Windows\system32\NLAapi.dll
0x00007ffe322c0000 - 0x00007ffe322fa000 	C:\Windows\SYSTEM32\IPHLPAPI.DLL
0x00007ffe32300000 - 0x00007ffe323cb000 	C:\Windows\SYSTEM32\DNSAPI.dll
0x00007ffe35410000 - 0x00007ffe35418000 	C:\Windows\System32\NSI.dll
0x00007ffe16fb0000 - 0x00007ffe16fbe000 	C:\Windows\System32\winrnr.dll
0x00007ffe21fb0000 - 0x00007ffe21fba000 	C:\Windows\System32\rasadhlp.dll
0x00007ffe2cc00000 - 0x00007ffe2cc77000 	C:\Windows\System32\fwpuclnt.dll
0x00007ffe33bc0000 - 0x00007ffe33be6000 	C:\Windows\System32\bcrypt.dll
0x00007ffe32130000 - 0x00007ffe32163000 	C:\Windows\system32\rsaenh.dll
0x00007ffe32c60000 - 0x00007ffe32c85000 	C:\Windows\SYSTEM32\USERENV.dll
0x00007ffe32780000 - 0x00007ffe3278c000 	C:\Windows\SYSTEM32\CRYPTBASE.dll
0x00007ffe2cd90000 - 0x00007ffe2cda6000 	C:\Windows\SYSTEM32\dhcpcsvc6.DLL
0x00007ffe2d8b0000 - 0x00007ffe2d8cc000 	C:\Windows\SYSTEM32\dhcpcsvc.DLL
0x00007ffe2cbd0000 - 0x00007ffe2cbf7000 	C:\Program Files\Java\jdk-11\bin\sunec.dll
0x00007ffe2eb60000 - 0x00007ffe2eb6d000 	C:\Program Files\Java\jdk-11\bin\sunmscapi.dll
0x00007ffe33c40000 - 0x00007ffe33d91000 	C:\Windows\System32\CRYPT32.dll
0x00007ffe32df0000 - 0x00007ffe32e02000 	C:\Windows\System32\MSASN1.dll
0x00007ffe32890000 - 0x00007ffe328b6000 	C:\Windows\SYSTEM32\ncrypt.dll
0x00007ffe32850000 - 0x00007ffe3288b000 	C:\Windows\SYSTEM32\NTASN1.dll

dbghelp: loaded successfully - version: 4.0.5 - missing functions: none
symbol engine: initialized successfully - sym options: 0x614 - pdb path: .;C:\Program Files\Java\jdk-11\bin;C:\Windows\SYSTEM32;C:\Windows\WinSxS\amd64_microsoft.windows.common-controls_6595b64144ccf1df_6.0.18362.1500_none_9e79be6de462295c;C:\Program Files\Java\jdk-11\bin\server

VM Arguments:
jvm_args: -Dfile.encoding=x-windows-949 -Duser.country=KR -Duser.language=ko -Duser.variant 
java_command: com.Wellcom.Webstart
java_class_path (initial): C:\Users\win7\Desktop\Wellcom\build\classes\java\main;C:\Users\win7\Desktop\Wellcom\build\resources\main;C:\Users\win7\.gradle\caches\modules-2\files-2.1\org.springframework.boot\spring-boot-devtools\2.5.5\cd4c92b6039cad49b9586b668e905e430d3b3dac\spring-boot-devtools-2.5.5.jar;C:\Users\win7\.gradle\caches\modules-2\files-2.1\org.springframework.boot\spring-boot-starter-data-jpa\2.5.5\5ec66dab8ad9dead3322e21d1bfafe29da89f360\spring-boot-starter-data-jpa-2.5.5.jar;C:\Users\win7\.gradle\caches\modules-2\files-2.1\org.springframework.boot\spring-boot-starter-security\2.5.5\30cec14d6be2595abeca39985c84b4d941c07cd4\spring-boot-starter-security-2.5.5.jar;C:\Users\win7\.gradle\caches\modules-2\files-2.1\org.springframework.boot\spring-boot-starter-web\2.5.5\c09bf133d22c865d6ce4d67ff48aece7ff1defb1\spring-boot-starter-web-2.5.5.jar;C:\Users\win7\.gradle\caches\modules-2\files-2.1\mysql\mysql-connector-java\8.0.30\b26dd6e4e917d3d4726c34d09d2fd67df7c1dd37\mysql-connector-java-8.0.30.jar;C:\Users\win7\.gradle\caches\modules-2\files-2.1\org.springframework.boot\spring-boot-starter-aop\2.5.5\25b36a03046a5262089d1167e29086a62afd2e9f\spring-boot-starter-aop-2.5.5.jar;C:\Users\win7\.gradle\caches\modules-2\files-2.1\org.springframework.boot\spring-boot-starter-jdbc\2.5.5\937cf9e02eeefa8f2e4c4dade226e5c4482c3207\spring-boot-starter-jdbc-2.5.5.jar;C:\Users\win7\.gradle\caches\modules-2\files-2.1\org.springframework.boot\spring-boot-starter-json\2.5.5\11923b2b5ca33c6c849952ed1bd47a77c9ec0a85\spring-boot-starter-json-2.5.5.jar;C:\Users\win7\.gradle\caches\modules-2\files-2.1\org.springframework.boot\spring-boot-starter\2.5.5\8657d6f1f00002e8a839fc35fe2f2cd7fc09b72a\spring-boot-starter-2.5.5.jar;C:\Users\win7\.gradle\caches\modules-2\files-2.1\org.springframework.boot\spring-boot-starter-logging\2.5.5\2731a074593f6b1089060a4af54ef8eee464d7f0\spring-boot-starter-logging-2.5.5.jar;C:\Users\win7\.gradle\caches\modules-2\files-2.1\ch.qos.logback\logback-classic\1
Launcher Type: SUN_STANDARD

[Global flags]
     intx CICompilerCount                          = 3                                         {product} {ergonomic}
     uint ConcGCThreads                            = 1                                         {product} {ergonomic}
     uint G1ConcRefinementThreads                  = 4                                         {product} {ergonomic}
   size_t G1HeapRegionSize                         = 1048576                                   {product} {ergonomic}
    uintx GCDrainStackTargetSize                   = 64                                        {product} {ergonomic}
   size_t InitialHeapSize                          = 134217728                                 {product} {ergonomic}
   size_t MarkStackSize                            = 4194304                                   {product} {ergonomic}
   size_t MaxHeapSize                              = 2132803584                                {product} {ergonomic}
   size_t MaxNewSize                               = 1279262720                                {product} {ergonomic}
   size_t MinHeapDeltaBytes                        = 1048576                                   {product} {ergonomic}
    uintx NonNMethodCodeHeapSize                   = 5830732                                {pd product} {ergonomic}
    uintx NonProfiledCodeHeapSize                  = 122913754                              {pd product} {ergonomic}
    uintx ProfiledCodeHeapSize                     = 122913754                              {pd product} {ergonomic}
    uintx ReservedCodeCacheSize                    = 251658240                              {pd product} {ergonomic}
     bool SegmentedCodeCache                       = true                                      {product} {ergonomic}
     bool UseCompressedClassPointers               = true                                 {lp64_product} {ergonomic}
     bool UseCompressedOops                        = true                                 {lp64_product} {ergonomic}
     bool UseG1GC                                  = true                                      {product} {ergonomic}
     bool UseLargePagesIndividualAllocation        = false                                  {pd product} {ergonomic}

Logging:
Log output configuration:
 #0: stdout all=warning uptime,level,tags
 #1: stderr all=off uptime,level,tags

Environment Variables:
JAVA_HOME=C:\Program Files\Java\jdk-18.0.2
PATH=C:\Program Files (x86)\NAT Service;C:\WINDOWS\system32;C:\WINDOWS;C:\WINDOWS\System32\Wbem;C:\WINDOWS\System32\WindowsPowerShell\v1.0\;C:\WINDOWS\System32\OpenSSH\;C:\Users\win7\AppData\Roaming\nvm;C:\Program Files\nodejs;C:\ProgramData\chocolatey\bin;E:\sdk\platform-tools;C:\Program Files (x86)\NVIDIA Corporation\PhysX\Common;C:\Program Files\NVIDIA Corporation\NVIDIA NvDLISR;C:\Program Files\dotnet\;C:\Program Files\Java\jdk-11\bin;C:\Program Files\Java\jdk-11\bin;C:\Users\win7\AppData\Local\Microsoft\WindowsApps;C:\Users\win7\AppData\Local\atom\bin;C:\Users\win7\AppData\Local\afreeca;E:\Microsoft VS Code\bin;C:\Users\win7\AppData\Roaming\npm;C:\Users\win7\AppData\Roaming\nvm;C:\Program Files\nodejs;C:\Users\win7\AppData\Local\GitHubDesktop\bin;C:\Program Files\heroku\bin;C:\Program Files\Git\cmd;C:\Program Files\mysql-8.0.29-winx64\bin;C:\Program Files\MySQL\MySQL Server 8.0\bin;C:\Git\cmd
USERNAME=win7
OS=Windows_NT
PROCESSOR_IDENTIFIER=Intel64 Family 6 Model 60 Stepping 3, GenuineIntel



---------------  S Y S T E M  ---------------

OS: Windows 10 , 64 bit Build 18362 (10.0.18362.1500)

CPU:total 4 (initial active 4) (4 cores per cpu, 1 threads per core) family 6 model 60 stepping 3 microcode 0x28, cmov, cx8, fxsr, mmx, sse, sse2, sse3, ssse3, sse4.1, sse4.2, popcnt, avx, avx2, aes, clmul, erms, lzcnt, tsc, tscinvbit, bmi1, bmi2, fma

Memory: 4k page, system-wide physical 8130M (266M free)
TotalPageFile size 24514M (AvailPageFile size 2M)
current process WorkingSet (physical memory assigned to process): 289M, peak: 322M
current process commit charge ("private bytes"): 341M, peak: 377M

vm_info: Java HotSpot(TM) 64-Bit Server VM (11.0.19+9-LTS-224) for windows-amd64 JRE (11.0.19+9-LTS-224), built on Mar 27 2023 08:48:55 by "mach5one" with MS VC++ 17.1 (VS2022)

END.
