#
# There is insufficient memory for the Java Runtime Environment to continue.
# Native memory allocation (malloc) failed to allocate 32744 bytes for ChunkPool::allocate
# Possible reasons:
#   The system is out of physical RAM or swap space
#   The process is running with CompressedOops enabled, and the Java Heap may be blocking the growth of the native heap
# Possible solutions:
#   Reduce memory load on the system
#   Increase physical memory or swap space
#   Check if swap backing store is full
#   Decrease Java heap size (-Xmx/-Xms)
#   Decrease number of Java threads
#   Decrease Java thread stack sizes (-Xss)
#   Set larger code cache with -XX:ReservedCodeCacheSize=
#   JVM is running with Unscaled Compressed Oops mode in which the Java heap is
#     placed in the first 4GB address space. The Java Heap base address is the
#     maximum limit for the native heap growth. Please use -XX:HeapBaseMinAddress
#     to set the Java Heap base and to place the Java Heap above 4GB virtual address.
# This output file may be truncated or incomplete.
#
#  Out of Memory Error (./open/src/hotspot/share/memory/arena.cpp:81), pid=17960, tid=11328
#
# JRE version: Java(TM) SE Runtime Environment 18.9 (11.0.19+9) (build 11.0.19+9-LTS-224)
# Java VM: Java HotSpot(TM) 64-Bit Server VM 18.9 (11.0.19+9-LTS-224, mixed mode, tiered, compressed oops, g1 gc, windows-amd64)
# No core dump will be written. Minidumps are not enabled by default on client versions of Windows
#

---------------  S U M M A R Y ------------

Command Line: --add-opens=java.base/java.util=ALL-UNNAMED --add-opens=java.base/java.lang=ALL-UNNAMED --add-opens=java.base/java.lang.invoke=ALL-UNNAMED --add-opens=java.base/java.util=ALL-UNNAMED --add-opens=java.prefs/java.util.prefs=ALL-UNNAMED --add-opens=java.prefs/java.util.prefs=ALL-UNNAMED --add-opens=java.base/java.nio.charset=ALL-UNNAMED --add-opens=java.base/java.net=ALL-UNNAMED --add-opens=java.base/java.util.concurrent.atomic=ALL-UNNAMED -XX:MaxMetaspaceSize=256m -XX:+HeapDumpOnOutOfMemoryError -Xms256m -Xmx512m -Dfile.encoding=x-windows-949 -Duser.country=KR -Duser.language=ko -Duser.variant org.gradle.launcher.daemon.bootstrap.GradleDaemon 7.4

Host: Intel(R) Core(TM) i5-4670 CPU @ 3.40GHz, 4 cores, 7G,  Windows 10 , 64 bit Build 18362 (10.0.18362.1500)
Time: Thu Oct  3 19:57:31 2024 대한민국 표준시 elapsed time: 2426.310534 seconds (0d 0h 40m 26s)

---------------  T H R E A D  ---------------

Current thread (0x000001812345e000):  JavaThread "C2 CompilerThread0" daemon [_thread_in_native, id=11328, stack(0x0000003c30200000,0x0000003c30300000)]


Current CompileTask:
C2:2426310 13182       4       org.gradle.internal.logging.source.PrintStreamLoggingSystem$OutputEventDestination::onOutput (47 bytes)

Stack: [0x0000003c30200000,0x0000003c30300000]
Native frames: (J=compiled Java code, j=interpreted, Vv=VM code, C=native code)
V  [jvm.dll+0x65fe1a]
V  [jvm.dll+0x7a2bbf]
V  [jvm.dll+0x7a4289]
V  [jvm.dll+0x7a4923]
V  [jvm.dll+0x258a25]
V  [jvm.dll+0xb2c3f]
V  [jvm.dll+0xb2f8c]
V  [jvm.dll+0x1c27f0]
V  [jvm.dll+0x1c6089]
V  [jvm.dll+0x1c5d03]
V  [jvm.dll+0x1c51ee]
V  [jvm.dll+0x1b38d0]
V  [jvm.dll+0x11da06]
V  [jvm.dll+0x2c7267]
V  [jvm.dll+0x2c90a1]
V  [jvm.dll+0x67cf24]
V  [jvm.dll+0x674906]
V  [jvm.dll+0x673f52]
V  [jvm.dll+0x671d51]
V  [jvm.dll+0x18f10c]
V  [jvm.dll+0x18fc84]
V  [jvm.dll+0x2c9128]
V  [jvm.dll+0x67cf24]
V  [jvm.dll+0x674906]
V  [jvm.dll+0x673f52]
V  [jvm.dll+0x671d51]
V  [jvm.dll+0x18f10c]
V  [jvm.dll+0x21033f]
V  [jvm.dll+0x18c841]
V  [jvm.dll+0x220989]
V  [jvm.dll+0x21ecac]
V  [jvm.dll+0x766921]
V  [jvm.dll+0x75f2e4]
V  [jvm.dll+0x65ecc5]
C  [ucrtbase.dll+0x210b2]
C  [KERNEL32.DLL+0x17c24]
C  [ntdll.dll+0x6d721]


---------------  P R O C E S S  ---------------

Threads class SMR info:
_java_thread_list=0x0000018123a69da0, length=89, elements={
0x0000018108cde800, 0x0000018122be5800, 0x0000018122bf1800, 0x000001812345b000,
0x000001812345c000, 0x000001812345d000, 0x000001812345e000, 0x0000018122bf5800,
0x0000018122bf7800, 0x00000181235ca000, 0x0000018124163800, 0x0000018125c1b000,
0x0000018125e29800, 0x0000018125ce8800, 0x0000018125ce5000, 0x0000018125ce3000,
0x0000018125ce7800, 0x0000018125ce9800, 0x0000018126c01800, 0x0000018126c00800,
0x0000018126bff800, 0x0000018126c05800, 0x0000018126c07000, 0x0000018126c08000,
0x0000018126988800, 0x0000018126982000, 0x0000018126de1800, 0x0000018126de8800,
0x0000018126de8000, 0x0000018126dec800, 0x000001812697d000, 0x0000018126c03000,
0x0000018126981000, 0x000001812697e000, 0x0000018126985000, 0x0000018126982800,
0x000001812697f800, 0x0000018126980000, 0x0000018126983800, 0x000001812697e800,
0x0000018126987800, 0x0000018126984800, 0x0000018126989000, 0x000001812698a000,
0x000001812698b000, 0x000001812698b800, 0x0000018126986000, 0x0000018126987000,
0x0000018126de7000, 0x0000018126de3000, 0x0000018126de2000, 0x0000018126de4800,
0x0000018126de5800, 0x0000018126de9800, 0x0000018126de6000, 0x0000018126de4000,
0x0000018126df0000, 0x0000018126dee800, 0x0000018126def000, 0x0000018126dea800,
0x0000018126deb000, 0x0000018126dec000, 0x0000018126ded800, 0x0000018126c08800,
0x0000018126c09800, 0x0000018126c04000, 0x0000018126c0a800, 0x0000018126c0c000,
0x0000018126c0b000, 0x0000018126c0e800, 0x0000018126c0c800, 0x0000018126c0d800,
0x0000018125ce6000, 0x0000018125ce7000, 0x0000018125ce3800, 0x0000018125ce4800,
0x0000018129a26000, 0x0000018129a24800, 0x0000018129a2a800, 0x0000018129a28800,
0x0000018129a29800, 0x0000018129a25800, 0x0000018129a27000, 0x0000018129a2c000,
0x0000018129a28000, 0x0000018129a2c800, 0x0000018129a2d800, 0x0000018129a2e800,
0x0000018129a2f000
}

Java Threads: ( => current thread )
  0x0000018108cde800 JavaThread "main" [_thread_blocked, id=17236, stack(0x0000003c2f600000,0x0000003c2f700000)]
  0x0000018122be5800 JavaThread "Reference Handler" daemon [_thread_blocked, id=19112, stack(0x0000003c2fd00000,0x0000003c2fe00000)]
  0x0000018122bf1800 JavaThread "Finalizer" daemon [_thread_blocked, id=12396, stack(0x0000003c2fe00000,0x0000003c2ff00000)]
  0x000001812345b000 JavaThread "Signal Dispatcher" daemon [_thread_blocked, id=19036, stack(0x0000003c2ff00000,0x0000003c30000000)]
  0x000001812345c000 JavaThread "Attach Listener" daemon [_thread_blocked, id=7696, stack(0x0000003c30000000,0x0000003c30100000)]
  0x000001812345d000 JavaThread "Service Thread" daemon [_thread_blocked, id=15080, stack(0x0000003c30100000,0x0000003c30200000)]
=>0x000001812345e000 JavaThread "C2 CompilerThread0" daemon [_thread_in_native, id=11328, stack(0x0000003c30200000,0x0000003c30300000)]
  0x0000018122bf5800 JavaThread "C1 CompilerThread0" daemon [_thread_blocked, id=17016, stack(0x0000003c30300000,0x0000003c30400000)]
  0x0000018122bf7800 JavaThread "Sweeper thread" daemon [_thread_blocked, id=18092, stack(0x0000003c30400000,0x0000003c30500000)]
  0x00000181235ca000 JavaThread "Common-Cleaner" daemon [_thread_blocked, id=16156, stack(0x0000003c30500000,0x0000003c30600000)]
  0x0000018124163800 JavaThread "Daemon health stats" [_thread_blocked, id=18040, stack(0x0000003c30b00000,0x0000003c30c00000)]
  0x0000018125c1b000 JavaThread "Incoming local TCP Connector on port 5952" [_thread_in_native, id=9732, stack(0x0000003c30c00000,0x0000003c30d00000)]
  0x0000018125e29800 JavaThread "Daemon periodic checks" [_thread_blocked, id=816, stack(0x0000003c30d00000,0x0000003c30e00000)]
  0x0000018125ce8800 JavaThread "Cache worker for journal cache (C:\Users\win7\.gradle\caches\journal-1)" [_thread_blocked, id=4424, stack(0x0000003c31500000,0x0000003c31600000)]
  0x0000018125ce5000 JavaThread "File lock request listener" [_thread_in_native, id=5140, stack(0x0000003c31600000,0x0000003c31700000)]
  0x0000018125ce3000 JavaThread "Cache worker for file hash cache (C:\Users\win7\.gradle\caches\7.4\fileHashes)" [_thread_blocked, id=16976, stack(0x0000003c31700000,0x0000003c31800000)]
  0x0000018125ce7800 JavaThread "File watcher server" daemon [_thread_in_native, id=15768, stack(0x0000003c31800000,0x0000003c31900000)]
  0x0000018125ce9800 JavaThread "File watcher consumer" daemon [_thread_blocked, id=14700, stack(0x0000003c31900000,0x0000003c31a00000)]
  0x0000018126c01800 JavaThread "Cache worker for execution history cache (C:\Users\win7\.gradle\caches\7.4\executionHistory)" [_thread_blocked, id=19384, stack(0x0000003c31e00000,0x0000003c31f00000)]
  0x0000018126c00800 JavaThread "jar transforms" [_thread_blocked, id=14972, stack(0x0000003c31f00000,0x0000003c32000000)]
  0x0000018126bff800 JavaThread "jar transforms Thread 2" [_thread_blocked, id=19004, stack(0x0000003c32000000,0x0000003c32100000)]
  0x0000018126c05800 JavaThread "Cache worker for file content cache (C:\Users\win7\.gradle\caches\7.4\fileContent)" [_thread_blocked, id=18540, stack(0x0000003c32100000,0x0000003c32200000)]
  0x0000018126c07000 JavaThread "jar transforms Thread 3" [_thread_blocked, id=19240, stack(0x0000003c32200000,0x0000003c32300000)]
  0x0000018126c08000 JavaThread "jar transforms Thread 4" [_thread_blocked, id=19416, stack(0x0000003c32300000,0x0000003c32400000)]
  0x0000018126988800 JavaThread "Memory manager" [_thread_blocked, id=13304, stack(0x0000003c33a00000,0x0000003c33b00000)]
  0x0000018126982000 JavaThread "Daemon worker Thread 2" [_thread_blocked, id=640, stack(0x0000003c30a00000,0x0000003c30b00000)]
  0x0000018126de1800 JavaThread "Exec process Thread 4" [_thread_in_native, id=2396, stack(0x0000003c35100000,0x0000003c35200000)]
  0x0000018126de8800 JavaThread "Exec process Thread 5" [_thread_blocked, id=11456, stack(0x0000003c35200000,0x0000003c35300000)]
  0x0000018126de8000 JavaThread "Exec process Thread 6" [_thread_in_native, id=12956, stack(0x0000003c35300000,0x0000003c35400000)]
  0x0000018126dec800 JavaThread "Exec process Thread 7" [_thread_in_native, id=19104, stack(0x0000003c35500000,0x0000003c35600000)]
  0x000001812697d000 JavaThread "Daemon Thread 3" [_thread_blocked, id=16028, stack(0x0000003c2f400000,0x0000003c2f500000)]
  0x0000018126c03000 JavaThread "included builds" [_thread_blocked, id=10120, stack(0x0000003c33900000,0x0000003c33a00000)]
  0x0000018126981000 JavaThread "Daemon Thread 4" [_thread_blocked, id=16612, stack(0x0000003c2f500000,0x0000003c2f600000)]
  0x000001812697e000 JavaThread "Handler for socket connection from /127.0.0.1:5952 to /127.0.0.1:7278" [_thread_in_native, id=18752, stack(0x0000003c30e00000,0x0000003c30f00000)]
  0x0000018126985000 JavaThread "Cancel handler" [_thread_blocked, id=15624, stack(0x0000003c30f00000,0x0000003c31000000)]
  0x0000018126982800 JavaThread "Asynchronous log dispatcher for DefaultDaemonConnection: socket connection from /127.0.0.1:5952 to /127.0.0.1:7278" [_thread_blocked, id=9236, stack(0x0000003c2f300000,0x0000003c2f400000)]
  0x000001812697f800 JavaThread "Stdin handler" [_thread_blocked, id=15368, stack(0x0000003c31000000,0x0000003c31100000)]
  0x0000018126980000 JavaThread "Daemon client event forwarder" [_thread_blocked, id=19272, stack(0x0000003c31100000,0x0000003c31200000)]
  0x0000018126983800 JavaThread "Cache worker for checksums cache (C:\Users\win7\Desktop\Wellcom\.gradle\7.4\checksums)" [_thread_blocked, id=12744, stack(0x0000003c31200000,0x0000003c31300000)]
  0x000001812697e800 JavaThread "Cache worker for cache directory md-rule (C:\Users\win7\.gradle\caches\7.4\md-rule)" [_thread_blocked, id=9772, stack(0x0000003c31300000,0x0000003c31400000)]
  0x0000018126987800 JavaThread "Cache worker for file hash cache (C:\Users\win7\Desktop\Wellcom\.gradle\7.4\fileHashes)" [_thread_blocked, id=5360, stack(0x0000003c31400000,0x0000003c31500000)]
  0x0000018126984800 JavaThread "Cache worker for cache directory md-supplier (C:\Users\win7\.gradle\caches\7.4\md-supplier)" [_thread_blocked, id=18012, stack(0x0000003c31a00000,0x0000003c31b00000)]
  0x0000018126989000 JavaThread "Cache worker for dependencies-accessors (C:\Users\win7\Desktop\Wellcom\.gradle\7.4\dependencies-accessors)" [_thread_blocked, id=17240, stack(0x0000003c31b00000,0x0000003c31c00000)]
  0x000001812698a000 JavaThread "Cache worker for Build Output Cleanup Cache (C:\Users\win7\Desktop\Wellcom\.gradle\buildOutputCleanup)" [_thread_blocked, id=13836, stack(0x0000003c31c00000,0x0000003c31d00000)]
  0x000001812698b000 JavaThread "Unconstrained build operations" [_thread_blocked, id=10636, stack(0x0000003c31d00000,0x0000003c31e00000)]
  0x000001812698b800 JavaThread "Unconstrained build operations Thread 2" [_thread_blocked, id=5896, stack(0x0000003c32400000,0x0000003c32500000)]
  0x0000018126986000 JavaThread "Unconstrained build operations Thread 3" [_thread_blocked, id=17792, stack(0x0000003c32500000,0x0000003c32600000)]
  0x0000018126987000 JavaThread "Unconstrained build operations Thread 4" [_thread_blocked, id=12152, stack(0x0000003c32600000,0x0000003c32700000)]
  0x0000018126de7000 JavaThread "Unconstrained build operations Thread 5" [_thread_blocked, id=15744, stack(0x0000003c32700000,0x0000003c32800000)]
  0x0000018126de3000 JavaThread "Unconstrained build operations Thread 6" [_thread_blocked, id=14516, stack(0x0000003c32800000,0x0000003c32900000)]
  0x0000018126de2000 JavaThread "Unconstrained build operations Thread 7" [_thread_blocked, id=7844, stack(0x0000003c32900000,0x0000003c32a00000)]
  0x0000018126de4800 JavaThread "Unconstrained build operations Thread 8" [_thread_blocked, id=13568, stack(0x0000003c32a00000,0x0000003c32b00000)]
  0x0000018126de5800 JavaThread "Unconstrained build operations Thread 9" [_thread_blocked, id=2464, stack(0x0000003c32b00000,0x0000003c32c00000)]
  0x0000018126de9800 JavaThread "Unconstrained build operations Thread 10" [_thread_blocked, id=16828, stack(0x0000003c32c00000,0x0000003c32d00000)]
  0x0000018126de6000 JavaThread "Unconstrained build operations Thread 11" [_thread_blocked, id=4436, stack(0x0000003c32d00000,0x0000003c32e00000)]
  0x0000018126de4000 JavaThread "Unconstrained build operations Thread 12" [_thread_blocked, id=15864, stack(0x0000003c32e00000,0x0000003c32f00000)]
  0x0000018126df0000 JavaThread "Unconstrained build operations Thread 13" [_thread_blocked, id=7852, stack(0x0000003c32f00000,0x0000003c33000000)]
  0x0000018126dee800 JavaThread "Unconstrained build operations Thread 14" [_thread_blocked, id=16984, stack(0x0000003c33000000,0x0000003c33100000)]
  0x0000018126def000 JavaThread "Unconstrained build operations Thread 15" [_thread_blocked, id=15956, stack(0x0000003c33100000,0x0000003c33200000)]
  0x0000018126dea800 JavaThread "Unconstrained build operations Thread 16" [_thread_blocked, id=9052, stack(0x0000003c33200000,0x0000003c33300000)]
  0x0000018126deb000 JavaThread "Unconstrained build operations Thread 17" [_thread_blocked, id=17268, stack(0x0000003c33300000,0x0000003c33400000)]
  0x0000018126dec000 JavaThread "Unconstrained build operations Thread 18" [_thread_blocked, id=17376, stack(0x0000003c33400000,0x0000003c33500000)]
  0x0000018126ded800 JavaThread "Unconstrained build operations Thread 19" [_thread_blocked, id=13472, stack(0x0000003c33500000,0x0000003c33600000)]
  0x0000018126c08800 JavaThread "Unconstrained build operations Thread 20" [_thread_blocked, id=12844, stack(0x0000003c33600000,0x0000003c33700000)]
  0x0000018126c09800 JavaThread "included builds" [_thread_blocked, id=11284, stack(0x0000003c33800000,0x0000003c33900000)]
  0x0000018126c04000 JavaThread "Execution worker for ':'" [_thread_blocked, id=6684, stack(0x0000003c33b00000,0x0000003c33c00000)]
  0x0000018126c0a800 JavaThread "Execution worker for ':' Thread 2" [_thread_blocked, id=12076, stack(0x0000003c33c00000,0x0000003c33d00000)]
  0x0000018126c0c000 JavaThread "Execution worker for ':' Thread 3" [_thread_blocked, id=17832, stack(0x0000003c33d00000,0x0000003c33e00000)]
  0x0000018126c0b000 JavaThread "Cache worker for execution history cache (C:\Users\win7\Desktop\Wellcom\.gradle\7.4\executionHistory)" [_thread_blocked, id=672, stack(0x0000003c33e00000,0x0000003c33f00000)]
  0x0000018126c0e800 JavaThread "Unconstrained build operations Thread 21" [_thread_blocked, id=18860, stack(0x0000003c33f00000,0x0000003c34000000)]
  0x0000018126c0c800 JavaThread "Unconstrained build operations Thread 22" [_thread_blocked, id=6360, stack(0x0000003c34000000,0x0000003c34100000)]
  0x0000018126c0d800 JavaThread "Unconstrained build operations Thread 23" [_thread_blocked, id=13448, stack(0x0000003c34100000,0x0000003c34200000)]
  0x0000018125ce6000 JavaThread "Unconstrained build operations Thread 24" [_thread_blocked, id=18448, stack(0x0000003c34200000,0x0000003c34300000)]
  0x0000018125ce7000 JavaThread "Unconstrained build operations Thread 25" [_thread_blocked, id=15412, stack(0x0000003c34300000,0x0000003c34400000)]
  0x0000018125ce3800 JavaThread "Unconstrained build operations Thread 26" [_thread_blocked, id=14820, stack(0x0000003c34400000,0x0000003c34500000)]
  0x0000018125ce4800 JavaThread "Unconstrained build operations Thread 27" [_thread_blocked, id=14328, stack(0x0000003c34500000,0x0000003c34600000)]
  0x0000018129a26000 JavaThread "Unconstrained build operations Thread 28" [_thread_blocked, id=18416, stack(0x0000003c34600000,0x0000003c34700000)]
  0x0000018129a24800 JavaThread "Unconstrained build operations Thread 29" [_thread_blocked, id=4696, stack(0x0000003c34700000,0x0000003c34800000)]
  0x0000018129a2a800 JavaThread "Unconstrained build operations Thread 30" [_thread_blocked, id=7108, stack(0x0000003c34800000,0x0000003c34900000)]
  0x0000018129a28800 JavaThread "Unconstrained build operations Thread 31" [_thread_blocked, id=17492, stack(0x0000003c34900000,0x0000003c34a00000)]
  0x0000018129a29800 JavaThread "Unconstrained build operations Thread 32" [_thread_blocked, id=17656, stack(0x0000003c34a00000,0x0000003c34b00000)]
  0x0000018129a25800 JavaThread "Unconstrained build operations Thread 33" [_thread_blocked, id=9508, stack(0x0000003c34b00000,0x0000003c34c00000)]
  0x0000018129a27000 JavaThread "Unconstrained build operations Thread 34" [_thread_blocked, id=17784, stack(0x0000003c34c00000,0x0000003c34d00000)]
  0x0000018129a2c000 JavaThread "Unconstrained build operations Thread 35" [_thread_blocked, id=2136, stack(0x0000003c34d00000,0x0000003c34e00000)]
  0x0000018129a28000 JavaThread "Unconstrained build operations Thread 36" [_thread_blocked, id=9764, stack(0x0000003c34e00000,0x0000003c34f00000)]
  0x0000018129a2c800 JavaThread "Unconstrained build operations Thread 37" [_thread_blocked, id=16800, stack(0x0000003c34f00000,0x0000003c35000000)]
  0x0000018129a2d800 JavaThread "Unconstrained build operations Thread 38" [_thread_blocked, id=8548, stack(0x0000003c35000000,0x0000003c35100000)]
  0x0000018129a2e800 JavaThread "Unconstrained build operations Thread 39" [_thread_blocked, id=17564, stack(0x0000003c35400000,0x0000003c35500000)]
  0x0000018129a2f000 JavaThread "Unconstrained build operations Thread 40" [_thread_blocked, id=14824, stack(0x0000003c35600000,0x0000003c35700000)]

Other Threads:
  0x0000018122bac000 VMThread "VM Thread" [stack: 0x0000003c2fc00000,0x0000003c2fd00000] [id=17184]
  0x00000181235f8800 WatcherThread [stack: 0x0000003c30600000,0x0000003c30700000] [id=15292]
  0x0000018108cf6000 GCTaskThread "GC Thread#0" [stack: 0x0000003c2f700000,0x0000003c2f800000] [id=1048]
  0x0000018123c19800 GCTaskThread "GC Thread#1" [stack: 0x0000003c30700000,0x0000003c30800000] [id=8128]
  0x0000018123da7000 GCTaskThread "GC Thread#2" [stack: 0x0000003c30800000,0x0000003c30900000] [id=18896]
  0x0000018123d37000 GCTaskThread "GC Thread#3" [stack: 0x0000003c30900000,0x0000003c30a00000] [id=10044]
  0x0000018108d08000 ConcurrentGCThread "G1 Main Marker" [stack: 0x0000003c2f800000,0x0000003c2f900000] [id=12184]
  0x0000018108d09800 ConcurrentGCThread "G1 Conc#0" [stack: 0x0000003c2f900000,0x0000003c2fa00000] [id=6352]
  0x0000018108dae000 ConcurrentGCThread "G1 Refine#0" [stack: 0x0000003c2fa00000,0x0000003c2fb00000] [id=1972]
  0x0000018122a4e800 ConcurrentGCThread "G1 Young RemSet Sampling" [stack: 0x0000003c2fb00000,0x0000003c2fc00000] [id=14928]

Threads with active compile tasks:
C2 CompilerThread0  2426347 13182       4       org.gradle.internal.logging.source.PrintStreamLoggingSystem$OutputEventDestination::onOutput (47 bytes)

VM state:not at safepoint (normal execution)

VM Mutex/Monitor currently owned by a thread: None

Heap address: 0x00000000e0000000, size: 512 MB, Compressed Oops mode: 32-bit
Narrow klass base: 0x0000000000000000, Narrow klass shift: 3
Compressed class space size: 260046848 Address: 0x0000000100000000

Heap:
 garbage-first heap   total 262144K, used 83852K [0x00000000e0000000, 0x0000000100000000)
  region size 1024K, 39 young (39936K), 7 survivors (7168K)
 Metaspace       used 64568K, capacity 67000K, committed 67072K, reserved 313344K
  class space    used 8087K, capacity 8959K, committed 8960K, reserved 253952K
Heap Regions: E=young(eden), S=young(survivor), O=old, HS=humongous(starts), HC=humongous(continues), CS=collection set, F=free, A=archive, TAMS=top-at-mark-start (previous, next)
|   0|0x00000000e0000000, 0x00000000e0100000, 0x00000000e0100000|100%|HS|  |TAMS 0x00000000e0100000, 0x00000000e0000000| Complete 
|   1|0x00000000e0100000, 0x00000000e0200000, 0x00000000e0200000|100%|HC|  |TAMS 0x00000000e0200000, 0x00000000e0100000| Complete 
|   2|0x00000000e0200000, 0x00000000e0300000, 0x00000000e0300000|100%|HC|  |TAMS 0x00000000e0300000, 0x00000000e0200000| Complete 
|   3|0x00000000e0300000, 0x00000000e0400000, 0x00000000e0400000|100%| O|  |TAMS 0x00000000e0400000, 0x00000000e0300000| Untracked 
|   4|0x00000000e0400000, 0x00000000e0500000, 0x00000000e0500000|100%| O|  |TAMS 0x00000000e0500000, 0x00000000e0400000| Untracked 
|   5|0x00000000e0500000, 0x00000000e0600000, 0x00000000e0600000|100%| O|  |TAMS 0x00000000e0600000, 0x00000000e0500000| Untracked 
|   6|0x00000000e0600000, 0x00000000e0700000, 0x00000000e0700000|100%| O|  |TAMS 0x00000000e0700000, 0x00000000e0600000| Untracked 
|   7|0x00000000e0700000, 0x00000000e0800000, 0x00000000e0800000|100%| O|  |TAMS 0x00000000e0800000, 0x00000000e0700000| Untracked 
|   8|0x00000000e0800000, 0x00000000e0900000, 0x00000000e0900000|100%| O|  |TAMS 0x00000000e0900000, 0x00000000e0800000| Untracked 
|   9|0x00000000e0900000, 0x00000000e0a00000, 0x00000000e0a00000|100%| O|  |TAMS 0x00000000e0a00000, 0x00000000e0900000| Untracked 
|  10|0x00000000e0a00000, 0x00000000e0b00000, 0x00000000e0b00000|100%| O|  |TAMS 0x00000000e0b00000, 0x00000000e0a00000| Untracked 
|  11|0x00000000e0b00000, 0x00000000e0c00000, 0x00000000e0c00000|100%| O|  |TAMS 0x00000000e0c00000, 0x00000000e0b00000| Untracked 
|  12|0x00000000e0c00000, 0x00000000e0d00000, 0x00000000e0d00000|100%| O|  |TAMS 0x00000000e0d00000, 0x00000000e0c00000| Untracked 
|  13|0x00000000e0d00000, 0x00000000e0e00000, 0x00000000e0e00000|100%| O|  |TAMS 0x00000000e0e00000, 0x00000000e0d00000| Untracked 
|  14|0x00000000e0e00000, 0x00000000e0f00000, 0x00000000e0f00000|100%| O|  |TAMS 0x00000000e0f00000, 0x00000000e0e00000| Untracked 
|  15|0x00000000e0f00000, 0x00000000e1000000, 0x00000000e1000000|100%| O|  |TAMS 0x00000000e1000000, 0x00000000e0f00000| Untracked 
|  16|0x00000000e1000000, 0x00000000e1100000, 0x00000000e1100000|100%| O|  |TAMS 0x00000000e1100000, 0x00000000e1000000| Untracked 
|  17|0x00000000e1100000, 0x00000000e1200000, 0x00000000e1200000|100%| O|  |TAMS 0x00000000e1200000, 0x00000000e1100000| Untracked 
|  18|0x00000000e1200000, 0x00000000e1300000, 0x00000000e1300000|100%| O|  |TAMS 0x00000000e1300000, 0x00000000e1200000| Untracked 
|  19|0x00000000e1300000, 0x00000000e1400000, 0x00000000e1400000|100%| O|  |TAMS 0x00000000e1400000, 0x00000000e1300000| Untracked 
|  20|0x00000000e1400000, 0x00000000e1500000, 0x00000000e1500000|100%| O|  |TAMS 0x00000000e1500000, 0x00000000e1400000| Untracked 
|  21|0x00000000e1500000, 0x00000000e1600000, 0x00000000e1600000|100%| O|  |TAMS 0x00000000e1600000, 0x00000000e1500000| Untracked 
|  22|0x00000000e1600000, 0x00000000e1700000, 0x00000000e1700000|100%| O|  |TAMS 0x00000000e1700000, 0x00000000e1600000| Untracked 
|  23|0x00000000e1700000, 0x00000000e1800000, 0x00000000e1800000|100%| O|  |TAMS 0x00000000e1800000, 0x00000000e1700000| Untracked 
|  24|0x00000000e1800000, 0x00000000e1900000, 0x00000000e1900000|100%| O|  |TAMS 0x00000000e1900000, 0x00000000e1800000| Untracked 
|  25|0x00000000e1900000, 0x00000000e1a00000, 0x00000000e1a00000|100%| O|  |TAMS 0x00000000e1a00000, 0x00000000e1900000| Untracked 
|  26|0x00000000e1a00000, 0x00000000e1b00000, 0x00000000e1b00000|100%| O|  |TAMS 0x00000000e1b00000, 0x00000000e1a00000| Untracked 
|  27|0x00000000e1b00000, 0x00000000e1c00000, 0x00000000e1c00000|100%| O|  |TAMS 0x00000000e1c00000, 0x00000000e1b00000| Untracked 
|  28|0x00000000e1c00000, 0x00000000e1d00000, 0x00000000e1d00000|100%| O|  |TAMS 0x00000000e1d00000, 0x00000000e1c00000| Untracked 
|  29|0x00000000e1d00000, 0x00000000e1e00000, 0x00000000e1e00000|100%| O|  |TAMS 0x00000000e1d65600, 0x00000000e1d00000| Untracked 
|  30|0x00000000e1e00000, 0x00000000e1f00000, 0x00000000e1f00000|100%| O|  |TAMS 0x00000000e1e00000, 0x00000000e1e00000| Untracked 
|  31|0x00000000e1f00000, 0x00000000e2000000, 0x00000000e2000000|100%| O|  |TAMS 0x00000000e1f00000, 0x00000000e1f00000| Untracked 
|  32|0x00000000e2000000, 0x00000000e2100000, 0x00000000e2100000|100%| O|  |TAMS 0x00000000e2000000, 0x00000000e2000000| Untracked 
|  33|0x00000000e2100000, 0x00000000e2200000, 0x00000000e2200000|100%| O|  |TAMS 0x00000000e2100000, 0x00000000e2100000| Untracked 
|  34|0x00000000e2200000, 0x00000000e2300000, 0x00000000e2300000|100%| O|  |TAMS 0x00000000e2200000, 0x00000000e2200000| Untracked 
|  35|0x00000000e2300000, 0x00000000e2400000, 0x00000000e2400000|100%| O|  |TAMS 0x00000000e2300000, 0x00000000e2300000| Untracked 
|  36|0x00000000e2400000, 0x00000000e2500000, 0x00000000e2500000|100%| O|  |TAMS 0x00000000e2400000, 0x00000000e2400000| Untracked 
|  37|0x00000000e2500000, 0x00000000e2600000, 0x00000000e2600000|100%| O|  |TAMS 0x00000000e2500000, 0x00000000e2500000| Untracked 
|  38|0x00000000e2600000, 0x00000000e2700000, 0x00000000e2700000|100%| O|  |TAMS 0x00000000e2600000, 0x00000000e2600000| Untracked 
|  39|0x00000000e2700000, 0x00000000e2800000, 0x00000000e2800000|100%| O|  |TAMS 0x00000000e2700000, 0x00000000e2700000| Untracked 
|  40|0x00000000e2800000, 0x00000000e2900000, 0x00000000e2900000|100%| O|  |TAMS 0x00000000e2800000, 0x00000000e2800000| Untracked 
|  41|0x00000000e2900000, 0x00000000e2a00000, 0x00000000e2a00000|100%| O|  |TAMS 0x00000000e2900000, 0x00000000e2900000| Untracked 
|  42|0x00000000e2a00000, 0x00000000e2b00000, 0x00000000e2b00000|100%| O|  |TAMS 0x00000000e2a00000, 0x00000000e2a00000| Untracked 
|  43|0x00000000e2b00000, 0x00000000e2be3000, 0x00000000e2c00000| 88%| O|  |TAMS 0x00000000e2b00000, 0x00000000e2b00000| Untracked 
|  44|0x00000000e2c00000, 0x00000000e2c00000, 0x00000000e2d00000|  0%| F|  |TAMS 0x00000000e2c00000, 0x00000000e2c00000| Untracked 
|  45|0x00000000e2d00000, 0x00000000e2d00000, 0x00000000e2e00000|  0%| F|  |TAMS 0x00000000e2d00000, 0x00000000e2d00000| Untracked 
|  46|0x00000000e2e00000, 0x00000000e2e00000, 0x00000000e2f00000|  0%| F|  |TAMS 0x00000000e2e00000, 0x00000000e2e00000| Untracked 
|  47|0x00000000e2f00000, 0x00000000e2f00000, 0x00000000e3000000|  0%| F|  |TAMS 0x00000000e2f00000, 0x00000000e2f00000| Untracked 
|  48|0x00000000e3000000, 0x00000000e3000000, 0x00000000e3100000|  0%| F|  |TAMS 0x00000000e3000000, 0x00000000e3000000| Untracked 
|  49|0x00000000e3100000, 0x00000000e3100000, 0x00000000e3200000|  0%| F|  |TAMS 0x00000000e3100000, 0x00000000e3100000| Untracked 
|  50|0x00000000e3200000, 0x00000000e3200000, 0x00000000e3300000|  0%| F|  |TAMS 0x00000000e3200000, 0x00000000e3200000| Untracked 
|  51|0x00000000e3300000, 0x00000000e3300000, 0x00000000e3400000|  0%| F|  |TAMS 0x00000000e3300000, 0x00000000e3300000| Untracked 
|  52|0x00000000e3400000, 0x00000000e3400000, 0x00000000e3500000|  0%| F|  |TAMS 0x00000000e3400000, 0x00000000e3400000| Untracked 
|  53|0x00000000e3500000, 0x00000000e3500000, 0x00000000e3600000|  0%| F|  |TAMS 0x00000000e3500000, 0x00000000e3500000| Untracked 
|  54|0x00000000e3600000, 0x00000000e3600000, 0x00000000e3700000|  0%| F|  |TAMS 0x00000000e3600000, 0x00000000e3600000| Untracked 
|  55|0x00000000e3700000, 0x00000000e3700000, 0x00000000e3800000|  0%| F|  |TAMS 0x00000000e3700000, 0x00000000e3700000| Untracked 
|  56|0x00000000e3800000, 0x00000000e3800000, 0x00000000e3900000|  0%| F|  |TAMS 0x00000000e3800000, 0x00000000e3800000| Untracked 
|  57|0x00000000e3900000, 0x00000000e3900000, 0x00000000e3a00000|  0%| F|  |TAMS 0x00000000e3900000, 0x00000000e3900000| Untracked 
|  58|0x00000000e3a00000, 0x00000000e3a00000, 0x00000000e3b00000|  0%| F|  |TAMS 0x00000000e3a00000, 0x00000000e3a00000| Untracked 
|  59|0x00000000e3b00000, 0x00000000e3b00000, 0x00000000e3c00000|  0%| F|  |TAMS 0x00000000e3b00000, 0x00000000e3b00000| Untracked 
|  60|0x00000000e3c00000, 0x00000000e3c00000, 0x00000000e3d00000|  0%| F|  |TAMS 0x00000000e3c00000, 0x00000000e3c00000| Untracked 
|  61|0x00000000e3d00000, 0x00000000e3d00000, 0x00000000e3e00000|  0%| F|  |TAMS 0x00000000e3d00000, 0x00000000e3d00000| Untracked 
|  62|0x00000000e3e00000, 0x00000000e3e00000, 0x00000000e3f00000|  0%| F|  |TAMS 0x00000000e3e00000, 0x00000000e3e00000| Untracked 
|  63|0x00000000e3f00000, 0x00000000e3f00000, 0x00000000e4000000|  0%| F|  |TAMS 0x00000000e3f00000, 0x00000000e3f00000| Untracked 
|  64|0x00000000e4000000, 0x00000000e4000000, 0x00000000e4100000|  0%| F|  |TAMS 0x00000000e4000000, 0x00000000e4000000| Untracked 
|  65|0x00000000e4100000, 0x00000000e4100000, 0x00000000e4200000|  0%| F|  |TAMS 0x00000000e4100000, 0x00000000e4100000| Untracked 
|  66|0x00000000e4200000, 0x00000000e4200000, 0x00000000e4300000|  0%| F|  |TAMS 0x00000000e4200000, 0x00000000e4200000| Untracked 
|  67|0x00000000e4300000, 0x00000000e4300000, 0x00000000e4400000|  0%| F|  |TAMS 0x00000000e4300000, 0x00000000e4300000| Untracked 
|  68|0x00000000e4400000, 0x00000000e4400000, 0x00000000e4500000|  0%| F|  |TAMS 0x00000000e4400000, 0x00000000e4400000| Untracked 
|  69|0x00000000e4500000, 0x00000000e4500000, 0x00000000e4600000|  0%| F|  |TAMS 0x00000000e4500000, 0x00000000e4500000| Untracked 
|  70|0x00000000e4600000, 0x00000000e4600000, 0x00000000e4700000|  0%| F|  |TAMS 0x00000000e4600000, 0x00000000e4600000| Untracked 
|  71|0x00000000e4700000, 0x00000000e4700000, 0x00000000e4800000|  0%| F|  |TAMS 0x00000000e4700000, 0x00000000e4700000| Untracked 
|  72|0x00000000e4800000, 0x00000000e4800000, 0x00000000e4900000|  0%| F|  |TAMS 0x00000000e4800000, 0x00000000e4800000| Untracked 
|  73|0x00000000e4900000, 0x00000000e4900000, 0x00000000e4a00000|  0%| F|  |TAMS 0x00000000e4900000, 0x00000000e4900000| Untracked 
|  74|0x00000000e4a00000, 0x00000000e4a00000, 0x00000000e4b00000|  0%| F|  |TAMS 0x00000000e4a00000, 0x00000000e4a00000| Untracked 
|  75|0x00000000e4b00000, 0x00000000e4b00000, 0x00000000e4c00000|  0%| F|  |TAMS 0x00000000e4b00000, 0x00000000e4b00000| Untracked 
|  76|0x00000000e4c00000, 0x00000000e4c00000, 0x00000000e4d00000|  0%| F|  |TAMS 0x00000000e4c00000, 0x00000000e4c00000| Untracked 
|  77|0x00000000e4d00000, 0x00000000e4d00000, 0x00000000e4e00000|  0%| F|  |TAMS 0x00000000e4d00000, 0x00000000e4d00000| Untracked 
|  78|0x00000000e4e00000, 0x00000000e4e00000, 0x00000000e4f00000|  0%| F|  |TAMS 0x00000000e4e00000, 0x00000000e4e00000| Untracked 
|  79|0x00000000e4f00000, 0x00000000e4f00000, 0x00000000e5000000|  0%| F|  |TAMS 0x00000000e4f00000, 0x00000000e4f00000| Untracked 
|  80|0x00000000e5000000, 0x00000000e5000000, 0x00000000e5100000|  0%| F|  |TAMS 0x00000000e5000000, 0x00000000e5000000| Untracked 
|  81|0x00000000e5100000, 0x00000000e5100000, 0x00000000e5200000|  0%| F|  |TAMS 0x00000000e5100000, 0x00000000e5100000| Untracked 
|  82|0x00000000e5200000, 0x00000000e5200000, 0x00000000e5300000|  0%| F|  |TAMS 0x00000000e5200000, 0x00000000e5200000| Untracked 
|  83|0x00000000e5300000, 0x00000000e5300000, 0x00000000e5400000|  0%| F|  |TAMS 0x00000000e5300000, 0x00000000e5300000| Untracked 
|  84|0x00000000e5400000, 0x00000000e5400000, 0x00000000e5500000|  0%| F|  |TAMS 0x00000000e5400000, 0x00000000e5400000| Untracked 
|  85|0x00000000e5500000, 0x00000000e5500000, 0x00000000e5600000|  0%| F|  |TAMS 0x00000000e5500000, 0x00000000e5500000| Untracked 
|  86|0x00000000e5600000, 0x00000000e5600000, 0x00000000e5700000|  0%| F|  |TAMS 0x00000000e5600000, 0x00000000e5600000| Untracked 
|  87|0x00000000e5700000, 0x00000000e5700000, 0x00000000e5800000|  0%| F|  |TAMS 0x00000000e5700000, 0x00000000e5700000| Untracked 
|  88|0x00000000e5800000, 0x00000000e5800000, 0x00000000e5900000|  0%| F|  |TAMS 0x00000000e5800000, 0x00000000e5800000| Untracked 
|  89|0x00000000e5900000, 0x00000000e5900000, 0x00000000e5a00000|  0%| F|  |TAMS 0x00000000e5900000, 0x00000000e5900000| Untracked 
|  90|0x00000000e5a00000, 0x00000000e5a00000, 0x00000000e5b00000|  0%| F|  |TAMS 0x00000000e5a00000, 0x00000000e5a00000| Untracked 
|  91|0x00000000e5b00000, 0x00000000e5b00000, 0x00000000e5c00000|  0%| F|  |TAMS 0x00000000e5b00000, 0x00000000e5b00000| Untracked 
|  92|0x00000000e5c00000, 0x00000000e5c00000, 0x00000000e5d00000|  0%| F|  |TAMS 0x00000000e5c00000, 0x00000000e5c00000| Untracked 
|  93|0x00000000e5d00000, 0x00000000e5d00000, 0x00000000e5e00000|  0%| F|  |TAMS 0x00000000e5d00000, 0x00000000e5d00000| Untracked 
|  94|0x00000000e5e00000, 0x00000000e5e00000, 0x00000000e5f00000|  0%| F|  |TAMS 0x00000000e5e00000, 0x00000000e5e00000| Untracked 
|  95|0x00000000e5f00000, 0x00000000e5f00000, 0x00000000e6000000|  0%| F|  |TAMS 0x00000000e5f00000, 0x00000000e5f00000| Untracked 
|  96|0x00000000e6000000, 0x00000000e6000000, 0x00000000e6100000|  0%| F|  |TAMS 0x00000000e6000000, 0x00000000e6000000| Untracked 
|  97|0x00000000e6100000, 0x00000000e6200000, 0x00000000e6200000|100%| S|CS|TAMS 0x00000000e6100000, 0x00000000e6100000| Complete 
|  98|0x00000000e6200000, 0x00000000e6300000, 0x00000000e6300000|100%| S|CS|TAMS 0x00000000e6200000, 0x00000000e6200000| Complete 
|  99|0x00000000e6300000, 0x00000000e6400000, 0x00000000e6400000|100%| S|CS|TAMS 0x00000000e6300000, 0x00000000e6300000| Complete 
| 100|0x00000000e6400000, 0x00000000e6500000, 0x00000000e6500000|100%| S|CS|TAMS 0x00000000e6400000, 0x00000000e6400000| Complete 
| 101|0x00000000e6500000, 0x00000000e6600000, 0x00000000e6600000|100%| S|CS|TAMS 0x00000000e6500000, 0x00000000e6500000| Complete 
| 102|0x00000000e6600000, 0x00000000e6700000, 0x00000000e6700000|100%| S|CS|TAMS 0x00000000e6600000, 0x00000000e6600000| Complete 
| 103|0x00000000e6700000, 0x00000000e6800000, 0x00000000e6800000|100%| S|CS|TAMS 0x00000000e6700000, 0x00000000e6700000| Complete 
| 104|0x00000000e6800000, 0x00000000e6800000, 0x00000000e6900000|  0%| F|  |TAMS 0x00000000e6800000, 0x00000000e6800000| Untracked 
| 105|0x00000000e6900000, 0x00000000e6900000, 0x00000000e6a00000|  0%| F|  |TAMS 0x00000000e6900000, 0x00000000e6900000| Untracked 
| 106|0x00000000e6a00000, 0x00000000e6a00000, 0x00000000e6b00000|  0%| F|  |TAMS 0x00000000e6a00000, 0x00000000e6a00000| Untracked 
| 107|0x00000000e6b00000, 0x00000000e6b00000, 0x00000000e6c00000|  0%| F|  |TAMS 0x00000000e6b00000, 0x00000000e6b00000| Untracked 
| 108|0x00000000e6c00000, 0x00000000e6c00000, 0x00000000e6d00000|  0%| F|  |TAMS 0x00000000e6c00000, 0x00000000e6c00000| Untracked 
| 109|0x00000000e6d00000, 0x00000000e6d00000, 0x00000000e6e00000|  0%| F|  |TAMS 0x00000000e6d00000, 0x00000000e6d00000| Untracked 
| 110|0x00000000e6e00000, 0x00000000e6e00000, 0x00000000e6f00000|  0%| F|  |TAMS 0x00000000e6e00000, 0x00000000e6e00000| Untracked 
| 111|0x00000000e6f00000, 0x00000000e6f00000, 0x00000000e7000000|  0%| F|  |TAMS 0x00000000e6f00000, 0x00000000e6f00000| Untracked 
| 112|0x00000000e7000000, 0x00000000e7000000, 0x00000000e7100000|  0%| F|  |TAMS 0x00000000e7000000, 0x00000000e7000000| Untracked 
| 113|0x00000000e7100000, 0x00000000e7100000, 0x00000000e7200000|  0%| F|  |TAMS 0x00000000e7100000, 0x00000000e7100000| Untracked 
| 114|0x00000000e7200000, 0x00000000e7200000, 0x00000000e7300000|  0%| F|  |TAMS 0x00000000e7200000, 0x00000000e7200000| Untracked 
| 115|0x00000000e7300000, 0x00000000e7300000, 0x00000000e7400000|  0%| F|  |TAMS 0x00000000e7300000, 0x00000000e7300000| Untracked 
| 116|0x00000000e7400000, 0x00000000e7400000, 0x00000000e7500000|  0%| F|  |TAMS 0x00000000e7400000, 0x00000000e7400000| Untracked 
| 117|0x00000000e7500000, 0x00000000e7500000, 0x00000000e7600000|  0%| F|  |TAMS 0x00000000e7500000, 0x00000000e7500000| Untracked 
| 118|0x00000000e7600000, 0x00000000e7600000, 0x00000000e7700000|  0%| F|  |TAMS 0x00000000e7600000, 0x00000000e7600000| Untracked 
| 119|0x00000000e7700000, 0x00000000e7700000, 0x00000000e7800000|  0%| F|  |TAMS 0x00000000e7700000, 0x00000000e7700000| Untracked 
| 120|0x00000000e7800000, 0x00000000e7800000, 0x00000000e7900000|  0%| F|  |TAMS 0x00000000e7800000, 0x00000000e7800000| Untracked 
| 121|0x00000000e7900000, 0x00000000e7900000, 0x00000000e7a00000|  0%| F|  |TAMS 0x00000000e7900000, 0x00000000e7900000| Untracked 
| 122|0x00000000e7a00000, 0x00000000e7a00000, 0x00000000e7b00000|  0%| F|  |TAMS 0x00000000e7a00000, 0x00000000e7a00000| Untracked 
| 123|0x00000000e7b00000, 0x00000000e7b00000, 0x00000000e7c00000|  0%| F|  |TAMS 0x00000000e7b00000, 0x00000000e7b00000| Untracked 
| 124|0x00000000e7c00000, 0x00000000e7c00000, 0x00000000e7d00000|  0%| F|  |TAMS 0x00000000e7c00000, 0x00000000e7c00000| Untracked 
| 125|0x00000000e7d00000, 0x00000000e7d00000, 0x00000000e7e00000|  0%| F|  |TAMS 0x00000000e7d00000, 0x00000000e7d00000| Untracked 
| 126|0x00000000e7e00000, 0x00000000e7e00000, 0x00000000e7f00000|  0%| F|  |TAMS 0x00000000e7e00000, 0x00000000e7e00000| Untracked 
| 127|0x00000000e7f00000, 0x00000000e7f00000, 0x00000000e8000000|  0%| F|  |TAMS 0x00000000e7f00000, 0x00000000e7f00000| Untracked 
| 128|0x00000000e8000000, 0x00000000e8000000, 0x00000000e8100000|  0%| F|  |TAMS 0x00000000e8000000, 0x00000000e8000000| Untracked 
| 129|0x00000000e8100000, 0x00000000e8100000, 0x00000000e8200000|  0%| F|  |TAMS 0x00000000e8100000, 0x00000000e8100000| Untracked 
| 130|0x00000000e8200000, 0x00000000e8200000, 0x00000000e8300000|  0%| F|  |TAMS 0x00000000e8200000, 0x00000000e8200000| Untracked 
| 131|0x00000000e8300000, 0x00000000e8300000, 0x00000000e8400000|  0%| F|  |TAMS 0x00000000e8300000, 0x00000000e8300000| Untracked 
| 132|0x00000000e8400000, 0x00000000e8400000, 0x00000000e8500000|  0%| F|  |TAMS 0x00000000e8400000, 0x00000000e8400000| Untracked 
| 133|0x00000000e8500000, 0x00000000e8500000, 0x00000000e8600000|  0%| F|  |TAMS 0x00000000e8500000, 0x00000000e8500000| Untracked 
| 134|0x00000000e8600000, 0x00000000e8600000, 0x00000000e8700000|  0%| F|  |TAMS 0x00000000e8600000, 0x00000000e8600000| Untracked 
| 135|0x00000000e8700000, 0x00000000e8700000, 0x00000000e8800000|  0%| F|  |TAMS 0x00000000e8700000, 0x00000000e8700000| Untracked 
| 136|0x00000000e8800000, 0x00000000e8800000, 0x00000000e8900000|  0%| F|  |TAMS 0x00000000e8800000, 0x00000000e8800000| Untracked 
| 137|0x00000000e8900000, 0x00000000e8900000, 0x00000000e8a00000|  0%| F|  |TAMS 0x00000000e8900000, 0x00000000e8900000| Untracked 
| 138|0x00000000e8a00000, 0x00000000e8a00000, 0x00000000e8b00000|  0%| F|  |TAMS 0x00000000e8a00000, 0x00000000e8a00000| Untracked 
| 139|0x00000000e8b00000, 0x00000000e8b00000, 0x00000000e8c00000|  0%| F|  |TAMS 0x00000000e8b00000, 0x00000000e8b00000| Untracked 
| 140|0x00000000e8c00000, 0x00000000e8c00000, 0x00000000e8d00000|  0%| F|  |TAMS 0x00000000e8c00000, 0x00000000e8c00000| Untracked 
| 141|0x00000000e8d00000, 0x00000000e8d00000, 0x00000000e8e00000|  0%| F|  |TAMS 0x00000000e8d00000, 0x00000000e8d00000| Untracked 
| 142|0x00000000e8e00000, 0x00000000e8e00000, 0x00000000e8f00000|  0%| F|  |TAMS 0x00000000e8e00000, 0x00000000e8e00000| Untracked 
| 143|0x00000000e8f00000, 0x00000000e8f00000, 0x00000000e9000000|  0%| F|  |TAMS 0x00000000e8f00000, 0x00000000e8f00000| Untracked 
| 144|0x00000000e9000000, 0x00000000e9000000, 0x00000000e9100000|  0%| F|  |TAMS 0x00000000e9000000, 0x00000000e9000000| Untracked 
| 145|0x00000000e9100000, 0x00000000e9100000, 0x00000000e9200000|  0%| F|  |TAMS 0x00000000e9100000, 0x00000000e9100000| Untracked 
| 146|0x00000000e9200000, 0x00000000e9200000, 0x00000000e9300000|  0%| F|  |TAMS 0x00000000e9200000, 0x00000000e9200000| Untracked 
| 147|0x00000000e9300000, 0x00000000e9300000, 0x00000000e9400000|  0%| F|  |TAMS 0x00000000e9300000, 0x00000000e9300000| Untracked 
| 148|0x00000000e9400000, 0x00000000e9400000, 0x00000000e9500000|  0%| F|  |TAMS 0x00000000e9400000, 0x00000000e9400000| Untracked 
| 149|0x00000000e9500000, 0x00000000e9500000, 0x00000000e9600000|  0%| F|  |TAMS 0x00000000e9500000, 0x00000000e9500000| Untracked 
| 150|0x00000000e9600000, 0x00000000e9600000, 0x00000000e9700000|  0%| F|  |TAMS 0x00000000e9600000, 0x00000000e9600000| Untracked 
| 151|0x00000000e9700000, 0x00000000e9700000, 0x00000000e9800000|  0%| F|  |TAMS 0x00000000e9700000, 0x00000000e9700000| Untracked 
| 152|0x00000000e9800000, 0x00000000e9800000, 0x00000000e9900000|  0%| F|  |TAMS 0x00000000e9800000, 0x00000000e9800000| Untracked 
| 153|0x00000000e9900000, 0x00000000e9900000, 0x00000000e9a00000|  0%| F|  |TAMS 0x00000000e9900000, 0x00000000e9900000| Untracked 
| 154|0x00000000e9a00000, 0x00000000e9a00000, 0x00000000e9b00000|  0%| F|  |TAMS 0x00000000e9a00000, 0x00000000e9a00000| Untracked 
| 155|0x00000000e9b00000, 0x00000000e9b00000, 0x00000000e9c00000|  0%| F|  |TAMS 0x00000000e9b00000, 0x00000000e9b00000| Untracked 
| 156|0x00000000e9c00000, 0x00000000e9c00000, 0x00000000e9d00000|  0%| F|  |TAMS 0x00000000e9c00000, 0x00000000e9c00000| Untracked 
| 157|0x00000000e9d00000, 0x00000000e9d00000, 0x00000000e9e00000|  0%| F|  |TAMS 0x00000000e9d00000, 0x00000000e9d00000| Untracked 
| 158|0x00000000e9e00000, 0x00000000e9e00000, 0x00000000e9f00000|  0%| F|  |TAMS 0x00000000e9e00000, 0x00000000e9e00000| Untracked 
| 159|0x00000000e9f00000, 0x00000000e9f00000, 0x00000000ea000000|  0%| F|  |TAMS 0x00000000e9f00000, 0x00000000e9f00000| Untracked 
| 160|0x00000000ea000000, 0x00000000ea000000, 0x00000000ea100000|  0%| F|  |TAMS 0x00000000ea000000, 0x00000000ea000000| Untracked 
| 161|0x00000000ea100000, 0x00000000ea100000, 0x00000000ea200000|  0%| F|  |TAMS 0x00000000ea100000, 0x00000000ea100000| Untracked 
| 162|0x00000000ea200000, 0x00000000ea200000, 0x00000000ea300000|  0%| F|  |TAMS 0x00000000ea200000, 0x00000000ea200000| Untracked 
| 163|0x00000000ea300000, 0x00000000ea300000, 0x00000000ea400000|  0%| F|  |TAMS 0x00000000ea300000, 0x00000000ea300000| Untracked 
| 164|0x00000000ea400000, 0x00000000ea400000, 0x00000000ea500000|  0%| F|  |TAMS 0x00000000ea400000, 0x00000000ea400000| Untracked 
| 165|0x00000000ea500000, 0x00000000ea500000, 0x00000000ea600000|  0%| F|  |TAMS 0x00000000ea500000, 0x00000000ea500000| Untracked 
| 166|0x00000000ea600000, 0x00000000ea600000, 0x00000000ea700000|  0%| F|  |TAMS 0x00000000ea600000, 0x00000000ea600000| Untracked 
| 167|0x00000000ea700000, 0x00000000ea700000, 0x00000000ea800000|  0%| F|  |TAMS 0x00000000ea700000, 0x00000000ea700000| Untracked 
| 168|0x00000000ea800000, 0x00000000ea800000, 0x00000000ea900000|  0%| F|  |TAMS 0x00000000ea800000, 0x00000000ea800000| Untracked 
| 169|0x00000000ea900000, 0x00000000ea900000, 0x00000000eaa00000|  0%| F|  |TAMS 0x00000000ea900000, 0x00000000ea900000| Untracked 
| 170|0x00000000eaa00000, 0x00000000eaa00000, 0x00000000eab00000|  0%| F|  |TAMS 0x00000000eaa00000, 0x00000000eaa00000| Untracked 
| 171|0x00000000eab00000, 0x00000000eab00000, 0x00000000eac00000|  0%| F|  |TAMS 0x00000000eab00000, 0x00000000eab00000| Untracked 
| 172|0x00000000eac00000, 0x00000000eac00000, 0x00000000ead00000|  0%| F|  |TAMS 0x00000000eac00000, 0x00000000eac00000| Untracked 
| 173|0x00000000ead00000, 0x00000000ead00000, 0x00000000eae00000|  0%| F|  |TAMS 0x00000000ead00000, 0x00000000ead00000| Untracked 
| 174|0x00000000eae00000, 0x00000000eae00000, 0x00000000eaf00000|  0%| F|  |TAMS 0x00000000eae00000, 0x00000000eae00000| Untracked 
| 175|0x00000000eaf00000, 0x00000000eaf00000, 0x00000000eb000000|  0%| F|  |TAMS 0x00000000eaf00000, 0x00000000eaf00000| Untracked 
| 176|0x00000000eb000000, 0x00000000eb000000, 0x00000000eb100000|  0%| F|  |TAMS 0x00000000eb000000, 0x00000000eb000000| Untracked 
| 177|0x00000000eb100000, 0x00000000eb100000, 0x00000000eb200000|  0%| F|  |TAMS 0x00000000eb100000, 0x00000000eb100000| Untracked 
| 178|0x00000000eb200000, 0x00000000eb200000, 0x00000000eb300000|  0%| F|  |TAMS 0x00000000eb200000, 0x00000000eb200000| Untracked 
| 179|0x00000000eb300000, 0x00000000eb300000, 0x00000000eb400000|  0%| F|  |TAMS 0x00000000eb300000, 0x00000000eb300000| Untracked 
| 180|0x00000000eb400000, 0x00000000eb400000, 0x00000000eb500000|  0%| F|  |TAMS 0x00000000eb400000, 0x00000000eb400000| Untracked 
| 181|0x00000000eb500000, 0x00000000eb500000, 0x00000000eb600000|  0%| F|  |TAMS 0x00000000eb500000, 0x00000000eb500000| Untracked 
| 182|0x00000000eb600000, 0x00000000eb600000, 0x00000000eb700000|  0%| F|  |TAMS 0x00000000eb600000, 0x00000000eb600000| Untracked 
| 183|0x00000000eb700000, 0x00000000eb700000, 0x00000000eb800000|  0%| F|  |TAMS 0x00000000eb700000, 0x00000000eb700000| Untracked 
| 184|0x00000000eb800000, 0x00000000eb800000, 0x00000000eb900000|  0%| F|  |TAMS 0x00000000eb800000, 0x00000000eb800000| Untracked 
| 185|0x00000000eb900000, 0x00000000eb900000, 0x00000000eba00000|  0%| F|  |TAMS 0x00000000eb900000, 0x00000000eb900000| Untracked 
| 186|0x00000000eba00000, 0x00000000eba00000, 0x00000000ebb00000|  0%| F|  |TAMS 0x00000000eba00000, 0x00000000eba00000| Untracked 
| 187|0x00000000ebb00000, 0x00000000ebb00000, 0x00000000ebc00000|  0%| F|  |TAMS 0x00000000ebb00000, 0x00000000ebb00000| Untracked 
| 188|0x00000000ebc00000, 0x00000000ebc00000, 0x00000000ebd00000|  0%| F|  |TAMS 0x00000000ebc00000, 0x00000000ebc00000| Untracked 
| 189|0x00000000ebd00000, 0x00000000ebd00000, 0x00000000ebe00000|  0%| F|  |TAMS 0x00000000ebd00000, 0x00000000ebd00000| Untracked 
| 190|0x00000000ebe00000, 0x00000000ebe00000, 0x00000000ebf00000|  0%| F|  |TAMS 0x00000000ebe00000, 0x00000000ebe00000| Untracked 
| 191|0x00000000ebf00000, 0x00000000ebf00000, 0x00000000ec000000|  0%| F|  |TAMS 0x00000000ebf00000, 0x00000000ebf00000| Untracked 
| 192|0x00000000ec000000, 0x00000000ec000000, 0x00000000ec100000|  0%| F|  |TAMS 0x00000000ec000000, 0x00000000ec000000| Untracked 
| 193|0x00000000ec100000, 0x00000000ec100000, 0x00000000ec200000|  0%| F|  |TAMS 0x00000000ec100000, 0x00000000ec100000| Untracked 
| 194|0x00000000ec200000, 0x00000000ec200000, 0x00000000ec300000|  0%| F|  |TAMS 0x00000000ec200000, 0x00000000ec200000| Untracked 
| 195|0x00000000ec300000, 0x00000000ec300000, 0x00000000ec400000|  0%| F|  |TAMS 0x00000000ec300000, 0x00000000ec300000| Untracked 
| 196|0x00000000ec400000, 0x00000000ec400000, 0x00000000ec500000|  0%| F|  |TAMS 0x00000000ec400000, 0x00000000ec400000| Untracked 
| 197|0x00000000ec500000, 0x00000000ec500000, 0x00000000ec600000|  0%| F|  |TAMS 0x00000000ec500000, 0x00000000ec500000| Untracked 
| 198|0x00000000ec600000, 0x00000000ec600000, 0x00000000ec700000|  0%| F|  |TAMS 0x00000000ec600000, 0x00000000ec600000| Untracked 
| 199|0x00000000ec700000, 0x00000000ec700000, 0x00000000ec800000|  0%| F|  |TAMS 0x00000000ec700000, 0x00000000ec700000| Untracked 
| 200|0x00000000ec800000, 0x00000000ec800000, 0x00000000ec900000|  0%| F|  |TAMS 0x00000000ec800000, 0x00000000ec800000| Untracked 
| 201|0x00000000ec900000, 0x00000000ec900000, 0x00000000eca00000|  0%| F|  |TAMS 0x00000000ec900000, 0x00000000ec900000| Untracked 
| 202|0x00000000eca00000, 0x00000000eca00000, 0x00000000ecb00000|  0%| F|  |TAMS 0x00000000eca00000, 0x00000000eca00000| Untracked 
| 203|0x00000000ecb00000, 0x00000000ecb00000, 0x00000000ecc00000|  0%| F|  |TAMS 0x00000000ecb00000, 0x00000000ecb00000| Untracked 
| 204|0x00000000ecc00000, 0x00000000ecc00000, 0x00000000ecd00000|  0%| F|  |TAMS 0x00000000ecc00000, 0x00000000ecc00000| Untracked 
| 205|0x00000000ecd00000, 0x00000000ecd00000, 0x00000000ece00000|  0%| F|  |TAMS 0x00000000ecd00000, 0x00000000ecd00000| Untracked 
| 206|0x00000000ece00000, 0x00000000ece00000, 0x00000000ecf00000|  0%| F|  |TAMS 0x00000000ece00000, 0x00000000ece00000| Untracked 
| 207|0x00000000ecf00000, 0x00000000ecf00000, 0x00000000ed000000|  0%| F|  |TAMS 0x00000000ecf00000, 0x00000000ecf00000| Untracked 
| 208|0x00000000ed000000, 0x00000000ed000000, 0x00000000ed100000|  0%| F|  |TAMS 0x00000000ed000000, 0x00000000ed000000| Untracked 
| 209|0x00000000ed100000, 0x00000000ed100000, 0x00000000ed200000|  0%| F|  |TAMS 0x00000000ed100000, 0x00000000ed100000| Untracked 
| 210|0x00000000ed200000, 0x00000000ed200000, 0x00000000ed300000|  0%| F|  |TAMS 0x00000000ed200000, 0x00000000ed200000| Untracked 
| 211|0x00000000ed300000, 0x00000000ed300000, 0x00000000ed400000|  0%| F|  |TAMS 0x00000000ed300000, 0x00000000ed300000| Untracked 
| 212|0x00000000ed400000, 0x00000000ed400000, 0x00000000ed500000|  0%| F|  |TAMS 0x00000000ed400000, 0x00000000ed400000| Untracked 
| 213|0x00000000ed500000, 0x00000000ed500000, 0x00000000ed600000|  0%| F|  |TAMS 0x00000000ed500000, 0x00000000ed500000| Untracked 
| 214|0x00000000ed600000, 0x00000000ed600000, 0x00000000ed700000|  0%| F|  |TAMS 0x00000000ed600000, 0x00000000ed600000| Untracked 
| 215|0x00000000ed700000, 0x00000000ed700000, 0x00000000ed800000|  0%| F|  |TAMS 0x00000000ed700000, 0x00000000ed700000| Untracked 
| 216|0x00000000ed800000, 0x00000000ed800000, 0x00000000ed900000|  0%| F|  |TAMS 0x00000000ed800000, 0x00000000ed800000| Untracked 
| 217|0x00000000ed900000, 0x00000000ed900000, 0x00000000eda00000|  0%| F|  |TAMS 0x00000000ed900000, 0x00000000ed900000| Untracked 
| 218|0x00000000eda00000, 0x00000000eda00000, 0x00000000edb00000|  0%| F|  |TAMS 0x00000000eda00000, 0x00000000eda00000| Untracked 
| 219|0x00000000edb00000, 0x00000000edb00000, 0x00000000edc00000|  0%| F|  |TAMS 0x00000000edb00000, 0x00000000edb00000| Untracked 
| 220|0x00000000edc00000, 0x00000000edc00000, 0x00000000edd00000|  0%| F|  |TAMS 0x00000000edc00000, 0x00000000edc00000| Untracked 
| 221|0x00000000edd00000, 0x00000000edd00000, 0x00000000ede00000|  0%| F|  |TAMS 0x00000000edd00000, 0x00000000edd00000| Untracked 
| 222|0x00000000ede00000, 0x00000000ede00000, 0x00000000edf00000|  0%| F|  |TAMS 0x00000000ede00000, 0x00000000ede00000| Untracked 
| 223|0x00000000edf00000, 0x00000000edf00000, 0x00000000ee000000|  0%| F|  |TAMS 0x00000000edf00000, 0x00000000edf00000| Untracked 
| 224|0x00000000ee000000, 0x00000000ee0c2dc0, 0x00000000ee100000| 76%| E|  |TAMS 0x00000000ee000000, 0x00000000ee000000| Complete 
| 225|0x00000000ee100000, 0x00000000ee200000, 0x00000000ee200000|100%| E|CS|TAMS 0x00000000ee100000, 0x00000000ee100000| Complete 
| 226|0x00000000ee200000, 0x00000000ee300000, 0x00000000ee300000|100%| E|CS|TAMS 0x00000000ee200000, 0x00000000ee200000| Complete 
| 227|0x00000000ee300000, 0x00000000ee400000, 0x00000000ee400000|100%| E|CS|TAMS 0x00000000ee300000, 0x00000000ee300000| Complete 
| 228|0x00000000ee400000, 0x00000000ee500000, 0x00000000ee500000|100%| E|CS|TAMS 0x00000000ee400000, 0x00000000ee400000| Complete 
| 229|0x00000000ee500000, 0x00000000ee600000, 0x00000000ee600000|100%| E|CS|TAMS 0x00000000ee500000, 0x00000000ee500000| Complete 
| 230|0x00000000ee600000, 0x00000000ee700000, 0x00000000ee700000|100%| E|CS|TAMS 0x00000000ee600000, 0x00000000ee600000| Complete 
| 231|0x00000000ee700000, 0x00000000ee800000, 0x00000000ee800000|100%| E|CS|TAMS 0x00000000ee700000, 0x00000000ee700000| Complete 
| 232|0x00000000ee800000, 0x00000000ee900000, 0x00000000ee900000|100%| E|CS|TAMS 0x00000000ee800000, 0x00000000ee800000| Complete 
| 233|0x00000000ee900000, 0x00000000eea00000, 0x00000000eea00000|100%| E|CS|TAMS 0x00000000ee900000, 0x00000000ee900000| Complete 
| 234|0x00000000eea00000, 0x00000000eeb00000, 0x00000000eeb00000|100%| E|CS|TAMS 0x00000000eea00000, 0x00000000eea00000| Complete 
| 235|0x00000000eeb00000, 0x00000000eec00000, 0x00000000eec00000|100%| E|CS|TAMS 0x00000000eeb00000, 0x00000000eeb00000| Complete 
| 236|0x00000000eec00000, 0x00000000eed00000, 0x00000000eed00000|100%| E|CS|TAMS 0x00000000eec00000, 0x00000000eec00000| Complete 
| 237|0x00000000eed00000, 0x00000000eee00000, 0x00000000eee00000|100%| E|CS|TAMS 0x00000000eed00000, 0x00000000eed00000| Complete 
| 238|0x00000000eee00000, 0x00000000eef00000, 0x00000000eef00000|100%| E|CS|TAMS 0x00000000eee00000, 0x00000000eee00000| Complete 
| 239|0x00000000eef00000, 0x00000000ef000000, 0x00000000ef000000|100%| E|CS|TAMS 0x00000000eef00000, 0x00000000eef00000| Complete 
| 240|0x00000000ef000000, 0x00000000ef100000, 0x00000000ef100000|100%| E|CS|TAMS 0x00000000ef000000, 0x00000000ef000000| Complete 
| 241|0x00000000ef100000, 0x00000000ef200000, 0x00000000ef200000|100%| E|CS|TAMS 0x00000000ef100000, 0x00000000ef100000| Complete 
| 242|0x00000000ef200000, 0x00000000ef300000, 0x00000000ef300000|100%| E|CS|TAMS 0x00000000ef200000, 0x00000000ef200000| Complete 
| 243|0x00000000ef300000, 0x00000000ef400000, 0x00000000ef400000|100%| E|CS|TAMS 0x00000000ef300000, 0x00000000ef300000| Complete 
| 244|0x00000000ef400000, 0x00000000ef500000, 0x00000000ef500000|100%| E|CS|TAMS 0x00000000ef400000, 0x00000000ef400000| Complete 
| 245|0x00000000ef500000, 0x00000000ef600000, 0x00000000ef600000|100%| E|CS|TAMS 0x00000000ef500000, 0x00000000ef500000| Complete 
| 246|0x00000000ef600000, 0x00000000ef700000, 0x00000000ef700000|100%| E|CS|TAMS 0x00000000ef600000, 0x00000000ef600000| Complete 
| 247|0x00000000ef700000, 0x00000000ef800000, 0x00000000ef800000|100%| E|CS|TAMS 0x00000000ef700000, 0x00000000ef700000| Complete 
| 248|0x00000000ef800000, 0x00000000ef900000, 0x00000000ef900000|100%| E|CS|TAMS 0x00000000ef800000, 0x00000000ef800000| Complete 
| 249|0x00000000ef900000, 0x00000000efa00000, 0x00000000efa00000|100%| E|CS|TAMS 0x00000000ef900000, 0x00000000ef900000| Complete 
| 250|0x00000000efa00000, 0x00000000efb00000, 0x00000000efb00000|100%| E|CS|TAMS 0x00000000efa00000, 0x00000000efa00000| Complete 
| 251|0x00000000efb00000, 0x00000000efc00000, 0x00000000efc00000|100%| E|CS|TAMS 0x00000000efb00000, 0x00000000efb00000| Complete 
| 252|0x00000000efc00000, 0x00000000efd00000, 0x00000000efd00000|100%| E|CS|TAMS 0x00000000efc00000, 0x00000000efc00000| Complete 
| 253|0x00000000efd00000, 0x00000000efe00000, 0x00000000efe00000|100%| E|CS|TAMS 0x00000000efd00000, 0x00000000efd00000| Complete 
| 254|0x00000000efe00000, 0x00000000eff00000, 0x00000000eff00000|100%| E|CS|TAMS 0x00000000efe00000, 0x00000000efe00000| Complete 
| 255|0x00000000eff00000, 0x00000000f0000000, 0x00000000f0000000|100%| E|CS|TAMS 0x00000000eff00000, 0x00000000eff00000| Complete 

Card table byte_map: [0x000001811f3b0000,0x000001811f4b0000] _byte_map_base: 0x000001811ecb0000

Marking Bits (Prev, Next): (CMBitMap*) 0x0000018108d045d0, (CMBitMap*) 0x0000018108d04598
 Prev Bits: [0x000001811fdb0000, 0x00000181205b0000)
 Next Bits: [0x000001811f5b0000, 0x000001811fdb0000)

Polling page: 0x0000018106ad0000

Metaspace:

Usage:
  Non-class:     56.68 MB capacity,    55.16 MB ( 97%) used,     1.28 MB (  2%) free+waste,   246.38 KB ( <1%) overhead. 
      Class:      8.75 MB capacity,     7.90 MB ( 90%) used,   756.02 KB (  8%) free+waste,   115.69 KB (  1%) overhead. 
       Both:     65.43 MB capacity,    63.05 MB ( 96%) used,     2.02 MB (  3%) free+waste,   362.06 KB ( <1%) overhead. 

Virtual space:
  Non-class space:       58.00 MB reserved,      56.75 MB ( 98%) committed 
      Class space:      248.00 MB reserved,       8.75 MB (  4%) committed 
             Both:      306.00 MB reserved,      65.50 MB ( 21%) committed 

Chunk freelists:
   Non-Class:  896 bytes
       Class:  0 bytes
        Both:  896 bytes

CodeHeap 'non-profiled nmethods': size=120064Kb used=9467Kb max_used=9467Kb free=110596Kb
 bounds [0x0000018117e70000, 0x00000181187b0000, 0x000001811f3b0000]
CodeHeap 'profiled nmethods': size=120000Kb used=29715Kb max_used=29715Kb free=90284Kb
 bounds [0x0000018110940000, 0x0000018112650000, 0x0000018117e70000]
CodeHeap 'non-nmethods': size=5696Kb used=2240Kb max_used=2319Kb free=3455Kb
 bounds [0x00000181103b0000, 0x0000018110620000, 0x0000018110940000]
 total_blobs=13955 nmethods=13133 adapters=733
 compilation: enabled
              stopped_count=0, restarted_count=0
 full_count=0

Compilation events (10 events):
Event: 2415.775 Thread 0x0000018122bf5800 nmethod 13177 0x0000018112642490 code [0x0000018112642640, 0x00000181126428f8]
Event: 2415.776 Thread 0x0000018122bf5800 13178       3       org.gradle.internal.file.FileHierarchySet$PrefixFileSet::contains (13 bytes)
Event: 2415.776 Thread 0x0000018122bf5800 nmethod 13178 0x0000018112642a10 code [0x0000018112642bc0, 0x0000018112642d48]
Event: 2415.777 Thread 0x0000018122bf5800 13179       3       org.gradle.internal.watch.registry.impl.SnapshotCollectingDiffListener::nodeAdded (26 bytes)
Event: 2415.778 Thread 0x0000018122bf5800 nmethod 13179 0x0000018112642e90 code [0x00000181126430c0, 0x0000018112643968]
Event: 2415.778 Thread 0x0000018122bf5800 13180       3       org.gradle.internal.watch.registry.impl.SnapshotCollectingDiffListener$$Lambda$289/0x000000010043b440::get$Lambda (9 bytes)
Event: 2415.778 Thread 0x0000018122bf5800 nmethod 13180 0x0000018112643c10 code [0x0000018112643dc0, 0x0000018112644018]
Event: 2415.783 Thread 0x0000018122bf5800 13181       3       org.gradle.internal.snapshot.PartialDirectoryNode::withAllChildrenRemoved (23 bytes)
Event: 2415.783 Thread 0x0000018122bf5800 nmethod 13181 0x0000018112644110 code [0x0000018112644320, 0x0000018112644af8]
Event: 2426.307 Thread 0x000001812345e000 13182       4       org.gradle.internal.logging.source.PrintStreamLoggingSystem$OutputEventDestination::onOutput (47 bytes)

GC Heap History (10 events):
Event: 44.150 GC heap before
{Heap before GC invocations=13 (full 0):
 garbage-first heap   total 262144K, used 184213K [0x00000000e0000000, 0x0000000100000000)
  region size 1024K, 152 young (155648K), 15 survivors (15360K)
 Metaspace       used 61398K, capacity 63635K, committed 63872K, reserved 309248K
  class space    used 7935K, capacity 8738K, committed 8832K, reserved 253952K
}
Event: 44.168 GC heap after
{Heap after GC invocations=14 (full 0):
 garbage-first heap   total 262144K, used 52224K [0x00000000e0000000, 0x0000000100000000)
  region size 1024K, 15 young (15360K), 15 survivors (15360K)
 Metaspace       used 61398K, capacity 63635K, committed 63872K, reserved 309248K
  class space    used 7935K, capacity 8738K, committed 8832K, reserved 253952K
}
Event: 298.826 GC heap before
{Heap before GC invocations=14 (full 0):
 garbage-first heap   total 262144K, used 192512K [0x00000000e0000000, 0x0000000100000000)
  region size 1024K, 153 young (156672K), 15 survivors (15360K)
 Metaspace       used 63097K, capacity 65428K, committed 65536K, reserved 311296K
  class space    used 8050K, capacity 8877K, committed 8960K, reserved 253952K
}
Event: 298.840 GC heap after
{Heap after GC invocations=15 (full 0):
 garbage-first heap   total 262144K, used 52620K [0x00000000e0000000, 0x0000000100000000)
  region size 1024K, 8 young (8192K), 8 survivors (8192K)
 Metaspace       used 63097K, capacity 65428K, committed 65536K, reserved 311296K
  class space    used 8050K, capacity 8877K, committed 8960K, reserved 253952K
}
Event: 1274.207 GC heap before
{Heap before GC invocations=15 (full 0):
 garbage-first heap   total 262144K, used 199051K [0x00000000e0000000, 0x0000000100000000)
  region size 1024K, 152 young (155648K), 8 survivors (8192K)
 Metaspace       used 63932K, capacity 66341K, committed 66560K, reserved 313344K
  class space    used 8071K, capacity 8931K, committed 8960K, reserved 253952K
}
Event: 1274.215 GC heap after
{Heap after GC invocations=16 (full 0):
 garbage-first heap   total 262144K, used 52108K [0x00000000e0000000, 0x0000000100000000)
  region size 1024K, 7 young (7168K), 7 survivors (7168K)
 Metaspace       used 63932K, capacity 66341K, committed 66560K, reserved 313344K
  class space    used 8071K, capacity 8931K, committed 8960K, reserved 253952K
}
Event: 1844.866 GC heap before
{Heap before GC invocations=16 (full 0):
 garbage-first heap   total 262144K, used 200588K [0x00000000e0000000, 0x0000000100000000)
  region size 1024K, 153 young (156672K), 7 survivors (7168K)
 Metaspace       used 64390K, capacity 66774K, committed 66816K, reserved 313344K
  class space    used 8083K, capacity 8953K, committed 8960K, reserved 253952K
}
Event: 1844.873 GC heap after
{Heap after GC invocations=17 (full 0):
 garbage-first heap   total 262144K, used 51424K [0x00000000e0000000, 0x0000000100000000)
  region size 1024K, 7 young (7168K), 7 survivors (7168K)
 Metaspace       used 64390K, capacity 66774K, committed 66816K, reserved 313344K
  class space    used 8083K, capacity 8953K, committed 8960K, reserved 253952K
}
Event: 2405.741 GC heap before
{Heap before GC invocations=17 (full 0):
 garbage-first heap   total 262144K, used 199904K [0x00000000e0000000, 0x0000000100000000)
  region size 1024K, 153 young (156672K), 7 survivors (7168K)
 Metaspace       used 64529K, capacity 66930K, committed 67072K, reserved 313344K
  class space    used 8087K, capacity 8959K, committed 8960K, reserved 253952K
}
Event: 2405.748 GC heap after
{Heap after GC invocations=18 (full 0):
 garbage-first heap   total 262144K, used 52108K [0x00000000e0000000, 0x0000000100000000)
  region size 1024K, 7 young (7168K), 7 survivors (7168K)
 Metaspace       used 64529K, capacity 66930K, committed 67072K, reserved 313344K
  class space    used 8087K, capacity 8959K, committed 8960K, reserved 253952K
}

Deoptimization events (10 events):
Event: 1431.700 Thread 0x0000018126982000 Uncommon trap: reason=profile_predicate action=maybe_recompile pc=0x00000181185fb648 method=org.gradle.api.internal.attributes.DefaultImmutableAttributesFactory.concat(Lorg/gradle/api/internal/attributes/ImmutableAttributes;Lorg/gradle/api/internal/attrib
Event: 1431.700 Thread 0x0000018126982000 Uncommon trap: reason=profile_predicate action=maybe_recompile pc=0x00000181185fb648 method=org.gradle.api.internal.attributes.DefaultImmutableAttributesFactory.concat(Lorg/gradle/api/internal/attributes/ImmutableAttributes;Lorg/gradle/api/internal/attrib
Event: 1431.700 Thread 0x0000018126982000 Uncommon trap: reason=profile_predicate action=maybe_recompile pc=0x00000181185fb648 method=org.gradle.api.internal.attributes.DefaultImmutableAttributesFactory.concat(Lorg/gradle/api/internal/attributes/ImmutableAttributes;Lorg/gradle/api/internal/attrib
Event: 1431.700 Thread 0x0000018126982000 Uncommon trap: reason=profile_predicate action=maybe_recompile pc=0x00000181185fb648 method=org.gradle.api.internal.attributes.DefaultImmutableAttributesFactory.concat(Lorg/gradle/api/internal/attributes/ImmutableAttributes;Lorg/gradle/api/internal/attrib
Event: 1431.700 Thread 0x0000018126982000 Uncommon trap: reason=profile_predicate action=maybe_recompile pc=0x00000181185ff76c method=org.gradle.api.internal.attributes.DefaultImmutableAttributesFactory.concat(Lorg/gradle/api/internal/attributes/ImmutableAttributes;Lorg/gradle/api/internal/attrib
Event: 1432.052 Thread 0x0000018126981000 Uncommon trap: reason=class_check action=make_not_entrant pc=0x000001811863dcb0 method=java.util.ArrayList.toArray([Ljava/lang/Object;)[Ljava/lang/Object; @ 21 c2
Event: 1844.578 Thread 0x0000018126c03000 Uncommon trap: reason=class_check action=make_not_entrant pc=0x0000018118680468 method=java.util.ArrayDeque.toArray(Ljava/lang/Class;)[Ljava/lang/Object; @ 45 c2
Event: 1845.545 Thread 0x0000018126982800 Uncommon trap: reason=unstable_if action=reinterpret pc=0x00000181183b1ed4 method=java.io.ClassCache.processQueue()V @ 9 c2
Event: 1845.546 Thread 0x0000018126982800 Uncommon trap: reason=unstable_if action=reinterpret pc=0x00000181182eb364 method=java.lang.ClassValue.match(Ljava/lang/ClassValue$Entry;)Z @ 12 c2
Event: 2426.288 Thread 0x0000018126dec800 Uncommon trap: reason=unstable_if action=reinterpret pc=0x0000018117f64d34 method=java.lang.ref.SoftReference.get()Ljava/lang/Object; @ 6 c2

Classes redefined (0 events):
No events

Internal exceptions (10 events):
Event: 1241.453 Thread 0x0000018129a29800 Exception <a 'java/lang/reflect/InvocationTargetException'{0x00000000edf009a0}> (0x00000000edf009a0) thrown at [./open/src/hotspot/share/runtime/reflection.cpp, line 1242]
Event: 1241.879 Thread 0x0000018126982000 Exception <a 'java/lang/NoClassDefFoundError'{0x00000000ed7789b0}: org/jetbrains/kotlin/gradle/plugin/KotlinPluginWrapper> (0x00000000ed7789b0) thrown at [./open/src/hotspot/share/oops/constantPool.cpp, line 770]
Event: 1431.317 Thread 0x0000018129a33800 Exception <a 'java/lang/reflect/InvocationTargetException'{0x00000000eff09ab0}> (0x00000000eff09ab0) thrown at [./open/src/hotspot/share/runtime/reflection.cpp, line 1242]
Event: 1431.655 Thread 0x0000018126982000 Implicit null exception at 0x0000018118576503 to 0x0000018118576d10
Event: 1431.655 Thread 0x0000018126982000 Implicit null exception at 0x00000181185378db to 0x0000018118537968
Event: 1431.777 Thread 0x0000018126982000 Exception <a 'java/lang/NoClassDefFoundError'{0x00000000ef1d7f98}: org/jetbrains/kotlin/gradle/plugin/KotlinPluginWrapper> (0x00000000ef1d7f98) thrown at [./open/src/hotspot/share/oops/constantPool.cpp, line 770]
Event: 1844.086 Thread 0x0000018126981000 Exception <a 'java/lang/reflect/InvocationTargetException'{0x00000000e82767f0}> (0x00000000e82767f0) thrown at [./open/src/hotspot/share/runtime/reflection.cpp, line 1242]
Event: 1844.530 Thread 0x0000018126982000 Exception <a 'java/lang/NoClassDefFoundError'{0x00000000e7b681d8}: org/jetbrains/kotlin/gradle/plugin/KotlinPluginWrapper> (0x00000000e7b681d8) thrown at [./open/src/hotspot/share/oops/constantPool.cpp, line 770]
Event: 2405.004 Thread 0x0000018126c03000 Exception <a 'java/lang/reflect/InvocationTargetException'{0x00000000ea7e6a80}> (0x00000000ea7e6a80) thrown at [./open/src/hotspot/share/runtime/reflection.cpp, line 1242]
Event: 2405.381 Thread 0x0000018126982000 Exception <a 'java/lang/NoClassDefFoundError'{0x00000000e92a10d8}: org/jetbrains/kotlin/gradle/plugin/KotlinPluginWrapper> (0x00000000e92a10d8) thrown at [./open/src/hotspot/share/oops/constantPool.cpp, line 770]

Events (10 events):
Event: 2405.964 Executing VM operation: RevokeBias
Event: 2405.964 Executing VM operation: RevokeBias done
Event: 2405.965 Executing VM operation: RevokeBias
Event: 2405.965 Executing VM operation: RevokeBias done
Event: 2411.188 Thread 0x0000018125750800 Thread exited: 0x0000018125750800
Event: 2412.376 Executing VM operation: RevokeBias
Event: 2412.376 Executing VM operation: RevokeBias done
Event: 2426.288 Thread 0x0000018126dec800 Uncommon trap: trap_request=0xffffff4d fr.pc=0x0000018117f64d34 relative=0x00000000000000b4
Event: 2426.288 Thread 0x0000018126dec800 DEOPT PACKING pc=0x0000018117f64d34 sp=0x0000003c355fe980
Event: 2426.288 Thread 0x0000018126dec800 DEOPT UNPACKING pc=0x00000181103d65af sp=0x0000003c355fe930 mode 2


Dynamic libraries:
0x00007ff7072b0000 - 0x00007ff7072c0000 	C:\Program Files\Java\jdk-11\bin\java.exe
0x00007ffff1b00000 - 0x00007ffff1cf0000 	C:\Windows\SYSTEM32\ntdll.dll
0x00007ffff1650000 - 0x00007ffff1702000 	C:\Windows\System32\KERNEL32.DLL
0x00007fffeee00000 - 0x00007fffef0a5000 	C:\Windows\System32\KERNELBASE.dll
0x00007fffef300000 - 0x00007fffef3fa000 	C:\Windows\System32\ucrtbase.dll
0x00007fffd1460000 - 0x00007fffd147b000 	C:\Program Files\Java\jdk-11\bin\VCRUNTIME140.dll
0x00007fffd1c80000 - 0x00007fffd1c99000 	C:\Program Files\Java\jdk-11\bin\jli.dll
0x00007ffff0850000 - 0x00007ffff08f3000 	C:\Windows\System32\ADVAPI32.dll
0x00007ffff0970000 - 0x00007ffff0a0e000 	C:\Windows\System32\msvcrt.dll
0x00007ffff1290000 - 0x00007ffff1327000 	C:\Windows\System32\sechost.dll
0x00007ffff18f0000 - 0x00007ffff1a0f000 	C:\Windows\System32\RPCRT4.dll
0x00007ffff0ce0000 - 0x00007ffff0e74000 	C:\Windows\System32\USER32.dll
0x00007fffefb80000 - 0x00007fffefba1000 	C:\Windows\System32\win32u.dll
0x00007fffd73d0000 - 0x00007fffd7654000 	C:\Windows\WinSxS\amd64_microsoft.windows.common-controls_6595b64144ccf1df_6.0.18362.1500_none_9e79be6de462295c\COMCTL32.dll
0x00007ffff0c40000 - 0x00007ffff0c66000 	C:\Windows\System32\GDI32.dll
0x00007fffeeb00000 - 0x00007fffeec98000 	C:\Windows\System32\gdi32full.dll
0x00007ffff0e80000 - 0x00007ffff11b6000 	C:\Windows\System32\combase.dll
0x00007fffef130000 - 0x00007fffef1ce000 	C:\Windows\System32\msvcp_win.dll
0x00007fffeea70000 - 0x00007fffeeaf1000 	C:\Windows\System32\bcryptPrimitives.dll
0x00007fffed490000 - 0x00007fffed49a000 	C:\Windows\SYSTEM32\VERSION.dll
0x00007ffff1620000 - 0x00007ffff164e000 	C:\Windows\System32\IMM32.DLL
0x00007fffecf20000 - 0x00007fffecf2c000 	C:\Program Files\Java\jdk-11\bin\vcruntime140_1.dll
0x00007fffc20e0000 - 0x00007fffc216e000 	C:\Program Files\Java\jdk-11\bin\msvcp140.dll
0x00007fffab370000 - 0x00007fffabedc000 	C:\Program Files\Java\jdk-11\bin\server\jvm.dll
0x00007ffff1780000 - 0x00007ffff1788000 	C:\Windows\System32\PSAPI.DLL
0x00007fffed4b0000 - 0x00007fffed4b9000 	C:\Windows\SYSTEM32\WSOCK32.dll
0x00007ffff0900000 - 0x00007ffff096f000 	C:\Windows\System32\WS2_32.dll
0x00007fffec690000 - 0x00007fffec6b4000 	C:\Windows\SYSTEM32\WINMM.dll
0x00007fffec630000 - 0x00007fffec65d000 	C:\Windows\SYSTEM32\WINMMBASE.dll
0x00007fffef200000 - 0x00007fffef24a000 	C:\Windows\System32\cfgmgr32.dll
0x00007fffeea00000 - 0x00007fffeea11000 	C:\Windows\System32\kernel.appcore.dll
0x00007fffe0ee0000 - 0x00007fffe0ef0000 	C:\Program Files\Java\jdk-11\bin\verify.dll
0x00007fffe4af0000 - 0x00007fffe4ce4000 	C:\Windows\SYSTEM32\DBGHELP.DLL
0x00007fffe1b60000 - 0x00007fffe1b8a000 	C:\Windows\SYSTEM32\dbgcore.DLL
0x00007fffc9e10000 - 0x00007fffc9e38000 	C:\Program Files\Java\jdk-11\bin\java.dll
0x00007fffe0840000 - 0x00007fffe084a000 	C:\Program Files\Java\jdk-11\bin\jimage.dll
0x00007fffcff30000 - 0x00007fffcff47000 	C:\Program Files\Java\jdk-11\bin\zip.dll
0x00007ffff0020000 - 0x00007ffff0708000 	C:\Windows\System32\SHELL32.dll
0x00007ffff0b90000 - 0x00007ffff0c37000 	C:\Windows\System32\shcore.dll
0x00007fffef400000 - 0x00007fffefb7b000 	C:\Windows\System32\windows.storage.dll
0x00007fffee9e0000 - 0x00007fffee9fe000 	C:\Windows\System32\profapi.dll
0x00007fffeea20000 - 0x00007fffeea6a000 	C:\Windows\System32\powrprof.dll
0x00007fffee9b0000 - 0x00007fffee9c0000 	C:\Windows\System32\UMPDC.dll
0x00007ffff0c70000 - 0x00007ffff0cc2000 	C:\Windows\System32\shlwapi.dll
0x00007fffef0b0000 - 0x00007fffef0c7000 	C:\Windows\System32\cryptsp.dll
0x00007fffcfc30000 - 0x00007fffcfc49000 	C:\Program Files\Java\jdk-11\bin\net.dll
0x00007fffea0d0000 - 0x00007fffea1ca000 	C:\Windows\SYSTEM32\WINHTTP.dll
0x00007fffee1f0000 - 0x00007fffee257000 	C:\Windows\system32\mswsock.dll
0x00007fffcfa40000 - 0x00007fffcfa52000 	C:\Program Files\Java\jdk-11\bin\nio.dll
0x00007fffcfd30000 - 0x00007fffcfd57000 	C:\Users\win7\.gradle\native\e1d6ef7f7dcc3fd88c89a11ec53ec762bb8ba0a96d01ffa2cd45eb1d1d8dd5c5\windows-amd64\native-platform.dll
0x00007fffc0da0000 - 0x00007fffc0ee4000 	C:\Users\win7\.gradle\native\0d407fdbe67a94daf76414ababcb853783967236a71b16ec16e742cd7a986fd3\windows-amd64\native-platform-file-events.dll
0x00007fffecdd0000 - 0x00007fffecdd9000 	C:\Program Files\Java\jdk-11\bin\management.dll
0x00007fffecda0000 - 0x00007fffecdab000 	C:\Program Files\Java\jdk-11\bin\management_ext.dll
0x00007fffedcf0000 - 0x00007fffedd23000 	C:\Windows\system32\rsaenh.dll
0x00007fffef1d0000 - 0x00007fffef1f6000 	C:\Windows\System32\bcrypt.dll
0x00007fffee8a0000 - 0x00007fffee8c5000 	C:\Windows\SYSTEM32\USERENV.dll
0x00007fffee3c0000 - 0x00007fffee3cc000 	C:\Windows\SYSTEM32\CRYPTBASE.dll
0x00007fffedf00000 - 0x00007fffedf3a000 	C:\Windows\SYSTEM32\IPHLPAPI.DLL
0x00007ffff18e0000 - 0x00007ffff18e8000 	C:\Windows\System32\NSI.dll
0x00007fffe9660000 - 0x00007fffe9676000 	C:\Windows\SYSTEM32\dhcpcsvc6.DLL
0x00007fffe9630000 - 0x00007fffe964c000 	C:\Windows\SYSTEM32\dhcpcsvc.DLL
0x00007fffedf40000 - 0x00007fffee00b000 	C:\Windows\SYSTEM32\DNSAPI.dll

dbghelp: loaded successfully - version: 4.0.5 - missing functions: none
symbol engine: initialized successfully - sym options: 0x614 - pdb path: .;C:\Program Files\Java\jdk-11\bin;C:\Windows\SYSTEM32;C:\Windows\WinSxS\amd64_microsoft.windows.common-controls_6595b64144ccf1df_6.0.18362.1500_none_9e79be6de462295c;C:\Program Files\Java\jdk-11\bin\server;C:\Users\win7\.gradle\native\e1d6ef7f7dcc3fd88c89a11ec53ec762bb8ba0a96d01ffa2cd45eb1d1d8dd5c5\windows-amd64;C:\Users\win7\.gradle\native\0d407fdbe67a94daf76414ababcb853783967236a71b16ec16e742cd7a986fd3\windows-amd64

VM Arguments:
jvm_args: --add-opens=java.base/java.util=ALL-UNNAMED --add-opens=java.base/java.lang=ALL-UNNAMED --add-opens=java.base/java.lang.invoke=ALL-UNNAMED --add-opens=java.base/java.util=ALL-UNNAMED --add-opens=java.prefs/java.util.prefs=ALL-UNNAMED --add-opens=java.prefs/java.util.prefs=ALL-UNNAMED --add-opens=java.base/java.nio.charset=ALL-UNNAMED --add-opens=java.base/java.net=ALL-UNNAMED --add-opens=java.base/java.util.concurrent.atomic=ALL-UNNAMED -XX:MaxMetaspaceSize=256m -XX:+HeapDumpOnOutOfMemoryError -Xms256m -Xmx512m -Dfile.encoding=x-windows-949 -Duser.country=KR -Duser.language=ko -Duser.variant 
java_command: org.gradle.launcher.daemon.bootstrap.GradleDaemon 7.4
java_class_path (initial): C:\Users\win7\.gradle\wrapper\dists\gradle-7.4-bin\c0gwcg53nkjbqw7r0h0umtfvt\gradle-7.4\lib\gradle-launcher-7.4.jar
Launcher Type: SUN_STANDARD

[Global flags]
     intx CICompilerCount                          = 3                                         {product} {ergonomic}
   size_t CompressedClassSpaceSize                 = 260046848                                 {product} {ergonomic}
     uint ConcGCThreads                            = 1                                         {product} {ergonomic}
     uint G1ConcRefinementThreads                  = 4                                         {product} {ergonomic}
   size_t G1HeapRegionSize                         = 1048576                                   {product} {ergonomic}
    uintx GCDrainStackTargetSize                   = 64                                        {product} {ergonomic}
     bool HeapDumpOnOutOfMemoryError               = true                                   {manageable} {command line}
   size_t InitialHeapSize                          = 268435456                                 {product} {command line}
   size_t MarkStackSize                            = 4194304                                   {product} {ergonomic}
   size_t MaxHeapSize                              = 536870912                                 {product} {command line}
   size_t MaxMetaspaceSize                         = 268435456                                 {product} {command line}
   size_t MaxNewSize                               = 321912832                                 {product} {ergonomic}
   size_t MinHeapDeltaBytes                        = 1048576                                   {product} {ergonomic}
    uintx NonNMethodCodeHeapSize                   = 5830732                                {pd product} {ergonomic}
    uintx NonProfiledCodeHeapSize                  = 122913754                              {pd product} {ergonomic}
    uintx ProfiledCodeHeapSize                     = 122913754                              {pd product} {ergonomic}
    uintx ReservedCodeCacheSize                    = 251658240                              {pd product} {ergonomic}
     bool SegmentedCodeCache                       = true                                      {product} {ergonomic}
     bool UseCompressedClassPointers               = true                                 {lp64_product} {ergonomic}
     bool UseCompressedOops                        = true                                 {lp64_product} {ergonomic}
     bool UseG1GC                                  = true                                      {product} {ergonomic}
     bool UseLargePagesIndividualAllocation        = false                                  {pd product} {ergonomic}

Logging:
Log output configuration:
 #0: stdout all=warning uptime,level,tags
 #1: stderr all=off uptime,level,tags

Environment Variables:
JAVA_HOME=C:\Program Files\Java\jdk-18.0.2
PATH=C:\Program Files (x86)\NAT Service;C:\WINDOWS\system32;C:\WINDOWS;C:\WINDOWS\System32\Wbem;C:\WINDOWS\System32\WindowsPowerShell\v1.0\;C:\WINDOWS\System32\OpenSSH\;C:\Users\win7\AppData\Roaming\nvm;C:\Program Files\nodejs;C:\ProgramData\chocolatey\bin;E:\sdk\platform-tools;C:\Program Files (x86)\NVIDIA Corporation\PhysX\Common;C:\Program Files\NVIDIA Corporation\NVIDIA NvDLISR;C:\Program Files\dotnet\;C:\Program Files\Java\jdk-11\bin;C:\Program Files\Java\jdk-11\bin;C:\Users\win7\AppData\Local\Microsoft\WindowsApps;C:\Users\win7\AppData\Local\atom\bin;C:\Users\win7\AppData\Local\afreeca;E:\Microsoft VS Code\bin;C:\Users\win7\AppData\Roaming\npm;C:\Users\win7\AppData\Roaming\nvm;C:\Program Files\nodejs;C:\Users\win7\AppData\Local\GitHubDesktop\bin;C:\Program Files\heroku\bin;C:\Program Files\Git\cmd;C:\Program Files\mysql-8.0.29-winx64\bin;C:\Program Files\MySQL\MySQL Server 8.0\bin;C:\Git\cmd
USERNAME=win7
OS=Windows_NT
PROCESSOR_IDENTIFIER=Intel64 Family 6 Model 60 Stepping 3, GenuineIntel



---------------  S Y S T E M  ---------------

OS: Windows 10 , 64 bit Build 18362 (10.0.18362.1500)

CPU:total 4 (initial active 4) (4 cores per cpu, 1 threads per core) family 6 model 60 stepping 3 microcode 0x28, cmov, cx8, fxsr, mmx, sse, sse2, sse3, ssse3, sse4.1, sse4.2, popcnt, avx, avx2, aes, clmul, erms, lzcnt, tsc, tscinvbit, bmi1, bmi2, fma

Memory: 4k page, system-wide physical 8130M (1175M free)
TotalPageFile size 20689M (AvailPageFile size 359M)
current process WorkingSet (physical memory assigned to process): 336M, peak: 438M
current process commit charge ("private bytes"): 482M, peak: 524M

vm_info: Java HotSpot(TM) 64-Bit Server VM (11.0.19+9-LTS-224) for windows-amd64 JRE (11.0.19+9-LTS-224), built on Mar 27 2023 08:48:55 by "mach5one" with MS VC++ 17.1 (VS2022)

END.
